Log file open, 05/08/24 16:49:34
LogWindows: Failed to load 'aqProf.dll' (GetLastError=126)
LogWindows: File 'aqProf.dll' does not exist
LogWindows: Failed to load 'VtuneApi.dll' (GetLastError=126)
LogWindows: File 'VtuneApi.dll' does not exist
LogWindows: Failed to load 'VtuneApi32e.dll' (GetLastError=126)
LogWindows: File 'VtuneApi32e.dll' does not exist
LogConsoleResponse: Display: Failed to find resolution value strings in scalability ini. Falling back to default.
LogConsoleResponse: Display: Failed to find resolution value strings in scalability ini. Falling back to default.
LogInit: Display: Running engine for game: UnrealCUDAPlugin
LogPlatformFile: Not using cached read wrapper
LogTaskGraph: Started task graph with 5 named threads and 35 total threads with 3 sets of task threads.
LogStats: Stats thread started at 0.474974
LogICUInternationalization: ICU TimeZone Detection - Raw Offset: +1:00, Platform Override: ''
LogInit: Display: Loading text-based GConfig....
LogPluginManager: Mounting plugin MeshPainting
LogPluginManager: Mounting plugin XGEController
LogPluginManager: Mounting plugin Paper2D
LogPluginManager: Mounting plugin AISupport
LogPluginManager: Mounting plugin EnvironmentQueryEditor
LogPluginManager: Mounting plugin LightPropagationVolume
LogPluginManager: Mounting plugin LiveLink
LogPluginManager: Mounting plugin CameraShakePreviewer
LogPluginManager: Mounting plugin GameplayCameras
LogPluginManager: Mounting plugin AnimationSharing
LogPluginManager: Mounting plugin CLionSourceCodeAccess
LogPluginManager: Mounting plugin CodeLiteSourceCodeAccess
LogPluginManager: Mounting plugin KDevelopSourceCodeAccess
LogPluginManager: Mounting plugin GitSourceControl
LogPluginManager: Mounting plugin NullSourceCodeAccess
LogPluginManager: Mounting plugin PerforceSourceControl
LogPluginManager: Mounting plugin PixWinPlugin
LogPluginManager: Mounting plugin PlasticSourceControl
LogPluginManager: Mounting plugin PluginUtils
LogPluginManager: Mounting plugin PropertyAccessNode
LogPluginManager: Mounting plugin RiderSourceCodeAccess
LogPluginManager: Mounting plugin OodleData
LogPluginManager: Mounting plugin OodleNetwork
LogPluginManager: Mounting plugin SubversionSourceControl
LogPluginManager: Mounting plugin TextureFormatOodle
LogPluginManager: Mounting plugin UObjectPlugin
LogPluginManager: Mounting plugin VisualStudioSourceCodeAccess
LogPluginManager: Mounting plugin VisualStudioCodeSourceCodeAccess
LogPluginManager: Mounting plugin XCodeSourceCodeAccess
LogPluginManager: Mounting plugin DatasmithContent
LogPluginManager: Mounting plugin AssetManagerEditor
LogPluginManager: Mounting plugin CurveEditorTools
LogPluginManager: Mounting plugin CryptoKeys
LogPluginManager: Mounting plugin VariantManagerContent
LogPluginManager: Mounting plugin DataValidation
LogPluginManager: Mounting plugin FacialAnimation
LogPluginManager: Mounting plugin GameplayTagsEditor
LogPluginManager: Mounting plugin GeometryMode
LogPluginManager: Mounting plugin MacGraphicsSwitching
LogPluginManager: Mounting plugin MobileLauncherProfileWizard
LogPluginManager: Mounting plugin PluginBrowser
LogPluginManager: Mounting plugin MaterialAnalyzer
LogPluginManager: Mounting plugin SpeedTreeImporter
LogPluginManager: Mounting plugin AlembicImporter
LogPluginManager: Mounting plugin AutomationUtils
LogPluginManager: Mounting plugin BackChannel
LogPluginManager: Mounting plugin ChaosCloth
LogPluginManager: Mounting plugin ChaosClothEditor
LogPluginManager: Mounting plugin ChaosEditor
LogPluginManager: Mounting plugin ChaosSolverPlugin
LogPluginManager: Mounting plugin ChaosNiagara
LogPluginManager: Mounting plugin CharacterAI
LogPluginManager: Mounting plugin GeometryCache
LogPluginManager: Mounting plugin GeometryCollectionPlugin
LogPluginManager: Mounting plugin GeometryProcessing
LogPluginManager: Mounting plugin MotoSynth
LogPluginManager: Mounting plugin OpenImageDenoise
LogPluginManager: Mounting plugin PlanarCut
LogPluginManager: Mounting plugin PlatformCrypto
LogPluginManager: Mounting plugin ProxyLODPlugin
LogPluginManager: Mounting plugin PythonScriptPlugin
LogPluginManager: Mounting plugin SkeletalReduction
LogPluginManager: Mounting plugin Niagara
LogPluginManager: Mounting plugin LuminPlatformFeatures
LogPluginManager: Mounting plugin MagicLeap
LogPluginManager: Mounting plugin MagicLeapLightEstimation
LogPluginManager: Mounting plugin MagicLeapMedia
LogPluginManager: Mounting plugin MLSDK
LogPluginManager: Mounting plugin MagicLeapPassableWorld
LogPluginManager: Mounting plugin AndroidMedia
LogPluginManager: Mounting plugin AvfMedia
LogPluginManager: Mounting plugin ImgMedia
LogPluginManager: Mounting plugin MediaCompositing
LogPluginManager: Mounting plugin MediaPlayerEditor
LogPluginManager: Mounting plugin WebMMedia
LogPluginManager: Mounting plugin WmfMedia
LogPluginManager: Mounting plugin UdpMessaging
LogPluginManager: Mounting plugin TcpMessaging
LogPluginManager: Mounting plugin ActorSequence
LogPluginManager: Mounting plugin LauncherChunkInstaller
LogPluginManager: Mounting plugin LevelSequenceEditor
LogPluginManager: Mounting plugin MatineeToLevelSequence
LogPluginManager: Mounting plugin TemplateSequence
LogPluginManager: Mounting plugin OnlineSubsystem
LogPluginManager: Mounting plugin OnlineSubsystemNull
LogPluginManager: Mounting plugin OnlineSubsystemUtils
LogPluginManager: Mounting plugin ActorLayerUtilities
LogPluginManager: Mounting plugin AndroidDeviceProfileSelector
LogPluginManager: Mounting plugin AndroidMoviePlayer
LogPluginManager: Mounting plugin AndroidPermission
LogPluginManager: Mounting plugin AppleMoviePlayer
LogPluginManager: Mounting plugin AppleImageUtils
LogPluginManager: Mounting plugin ArchVisCharacter
LogPluginManager: Mounting plugin AssetTags
LogPluginManager: Mounting plugin AudioCapture
LogPluginManager: Mounting plugin AudioSynesthesia
LogPluginManager: Mounting plugin CableComponent
LogPluginManager: Mounting plugin ChunkDownloader
LogPluginManager: Mounting plugin CustomMeshComponent
LogPluginManager: Mounting plugin EditableMesh
LogPluginManager: Mounting plugin ExampleDeviceProfileSelector
LogPluginManager: Mounting plugin GoogleCloudMessaging
LogPluginManager: Mounting plugin GooglePAD
LogPluginManager: Mounting plugin IOSDeviceProfileSelector
LogPluginManager: Mounting plugin LinuxDeviceProfileSelector
LogPluginManager: Mounting plugin LocationServicesBPLibrary
LogPluginManager: Mounting plugin MobilePatchingUtils
LogPluginManager: Mounting plugin OpenXR
LogPluginManager: Mounting plugin OpenXREyeTracker
LogPluginManager: Mounting plugin OpenXRHandTracking
LogPluginManager: Mounting plugin PhysXVehicles
LogPluginManager: Mounting plugin ScreenshotTools
LogPluginManager: Mounting plugin PostSplashScreen
LogPluginManager: Mounting plugin ProceduralMeshComponent
LogPluginManager: Mounting plugin PropertyAccessEditor
LogPluginManager: Mounting plugin Takes
LogPluginManager: Mounting plugin RuntimePhysXCooking
LogPluginManager: Mounting plugin SignificanceManager
LogPluginManager: Mounting plugin SoundFields
LogPluginManager: Mounting plugin Synthesis
LogPluginManager: Mounting plugin WebMMoviePlayer
LogPluginManager: Mounting plugin WindowsMoviePlayer
LogPluginManager: Mounting plugin ContentBrowserAssetDataSource
LogPluginManager: Mounting plugin ContentBrowserFileDataSource
LogPluginManager: Mounting plugin ContentBrowserClassDataSource
LogPluginManager: Mounting plugin OnlineSubsystemGooglePlay
LogPluginManager: Mounting plugin OnlineSubsystemIOS
LogPluginManager: Mounting plugin OculusVR
LogPluginManager: Mounting plugin SteamVR
PixWinPlugin: PIX capture plugin failed to initialize! Check that the process is launched from PIX.
LogLuminAPIImpl: Warning: MLSDK not found.  This likely means the MLSDK environment variable is not set.
LogInit: Using libcurl 7.55.1-DEV
LogInit:  - built for x86_64-pc-win32
LogInit:  - supports SSL with OpenSSL/1.1.1
LogInit:  - supports HTTP deflate (compression) using libz 1.2.8
LogInit:  - other features:
LogInit:      CURL_VERSION_SSL
LogInit:      CURL_VERSION_LIBZ
LogInit:      CURL_VERSION_IPV6
LogInit:      CURL_VERSION_ASYNCHDNS
LogInit:      CURL_VERSION_LARGEFILE
LogInit:      CURL_VERSION_IDN
LogInit:  CurlRequestOptions (configurable via config and command line):
LogInit:  - bVerifyPeer = true  - Libcurl will verify peer certificate
LogInit:  - bUseHttpProxy = false  - Libcurl will NOT use HTTP proxy
LogInit:  - bDontReuseConnections = false  - Libcurl will reuse connections
LogInit:  - MaxHostConnections = 16  - Libcurl will limit the number of connections to a host
LogInit:  - LocalHostAddr = Default
LogInit:  - BufferSize = 65536
LogOnline: OSS: Creating online subsystem instance for: NULL
LogInit: WinSock: version 1.1 (2.2), MaxSocks=32767, MaxUdp=65467
LogOnline: OSS: TryLoadSubsystemAndSetDefault: Loaded subsystem for module [NULL]
LogOculusPluginWrapper: OculusPlugin initialized successfully
LogHMD: Failed initializing OVRPlugin 1.59.0
LogInit: Build: ++UE4+Release-4.27-CL-18319896
LogInit: Engine Version: 4.27.2-18319896+++UE4+Release-4.27
LogInit: Compatible Engine Version: 4.27.0-17155196+++UE4+Release-4.27
LogInit: Net CL: 17155196
LogInit: OS: Windows 10 (Release 2009) (), CPU: Intel(R) Core(TM) i7-8750H CPU @ 2.20GHz, GPU: Intel(R) UHD Graphics 630
LogInit: Compiled (64-bit): Nov 30 2021 07:12:08
LogInit: Compiled with Visual C++: 19.24.28315.00
LogInit: Build Configuration: Development
LogInit: Branch Name: ++UE4+Release-4.27
LogInit: Command Line:  -EpicPortal -epicusername=luctallero_ -epicuserid=8b4d3158ee814909aba0c55ace7f0325 -epiclocale=es -epicsandboxid=ue
LogInit: Base Directory: D:/Program Files/Epic Games/UE_4.27/Engine/Binaries/Win64/
LogInit: Allocator: TBB
LogInit: Installed Engine Build: 1
LogDevObjectVersion: Number of dev versions registered: 29
LogDevObjectVersion:   Dev-Blueprints (B0D832E4-1F89-4F0D-ACCF-7EB736FD4AA2): 10
LogDevObjectVersion:   Dev-Build (E1C64328-A22C-4D53-A36C-8E866417BD8C): 0
LogDevObjectVersion:   Dev-Core (375EC13C-06E4-48FB-B500-84F0262A717E): 4
LogDevObjectVersion:   Dev-Editor (E4B068ED-F494-42E9-A231-DA0B2E46BB41): 40
LogDevObjectVersion:   Dev-Framework (CFFC743F-43B0-4480-9391-14DF171D2073): 37
LogDevObjectVersion:   Dev-Mobile (B02B49B5-BB20-44E9-A304-32B752E40360): 3
LogDevObjectVersion:   Dev-Networking (A4E4105C-59A1-49B5-A7C5-40C4547EDFEE): 0
LogDevObjectVersion:   Dev-Online (39C831C9-5AE6-47DC-9A44-9C173E1C8E7C): 0
LogDevObjectVersion:   Dev-Physics (78F01B33-EBEA-4F98-B9B4-84EACCB95AA2): 14
LogDevObjectVersion:   Dev-Platform (6631380F-2D4D-43E0-8009-CF276956A95A): 0
LogDevObjectVersion:   Dev-Rendering (12F88B9F-8875-4AFC-A67C-D90C383ABD29): 45
LogDevObjectVersion:   Dev-Sequencer (7B5AE74C-D270-4C10-A958-57980B212A5A): 13
LogDevObjectVersion:   Dev-VR (D7296918-1DD6-4BDD-9DE2-64A83CC13884): 3
LogDevObjectVersion:   Dev-LoadTimes (C2A15278-BFE7-4AFE-6C17-90FF531DF755): 1
LogDevObjectVersion:   Private-Geometry (6EACA3D4-40EC-4CC1-B786-8BED09428FC5): 3
LogDevObjectVersion:   Dev-AnimPhys (29E575DD-E0A3-4627-9D10-D276232CDCEA): 17
LogDevObjectVersion:   Dev-Anim (AF43A65D-7FD3-4947-9873-3E8ED9C1BB05): 15
LogDevObjectVersion:   Dev-ReflectionCapture (6B266CEC-1EC7-4B8F-A30B-E4D90942FC07): 1
LogDevObjectVersion:   Dev-Automation (0DF73D61-A23F-47EA-B727-89E90C41499A): 1
LogDevObjectVersion:   FortniteMain (601D1886-AC64-4F84-AA16-D3DE0DEAC7D6): 47
LogDevObjectVersion:   FortniteRelease (E7086368-6B23-4C58-8439-1B7016265E91): 1
LogDevObjectVersion:   Dev-Enterprise (9DFFBCD6-494F-0158-E221-12823C92A888): 10
LogDevObjectVersion:   Dev-Niagara (F2AED0AC-9AFE-416F-8664-AA7FFA26D6FC): 1
LogDevObjectVersion:   Dev-Destruction (174F1F0B-B4C6-45A5-B13F-2EE8D0FB917D): 10
LogDevObjectVersion:   Dev-Physics-Ext (35F94A83-E258-406C-A318-09F59610247C): 41
LogDevObjectVersion:   Dev-PhysicsMaterial-Chaos (B68FC16E-8B1B-42E2-B453-215C058844FE): 1
LogDevObjectVersion:   Dev-CineCamera (B2E18506-4273-CFC2-A54E-F4BB758BBA07): 1
LogDevObjectVersion:   Dev-VirtualProduction (64F58936-FD1B-42BA-BA96-7289D5D0FA4E): 1
LogDevObjectVersion:   Dev-MediaFramework (6F0ED827-A609-4895-9C91-998D90180EA4): 2
LogInit: Presizing for max 25165824 objects, including 0 objects not considered by GC, pre-allocating 0 bytes for permanent pool.
LogConfig: Applying CVar settings from Section [/Script/Engine.StreamingSettings] File [D:/UnrealCUDAPlugin/Saved/Config/Windows/Engine.ini]
LogConfig: Setting CVar [[s.MinBulkDataSizeForAsyncLoading:131072]]
LogConfig: Setting CVar [[s.AsyncLoadingThreadEnabled:0]]
LogConfig: Setting CVar [[s.EventDrivenLoaderEnabled:1]]
LogConfig: Setting CVar [[s.WarnIfTimeLimitExceeded:0]]
LogConfig: Setting CVar [[s.TimeLimitExceededMultiplier:1.5]]
LogConfig: Setting CVar [[s.TimeLimitExceededMinTime:0.005]]
LogConfig: Setting CVar [[s.UseBackgroundLevelStreaming:1]]
LogConfig: Setting CVar [[s.PriorityAsyncLoadingExtraTime:15.0]]
LogConfig: Setting CVar [[s.LevelStreamingActorsUpdateTimeLimit:5.0]]
LogConfig: Setting CVar [[s.PriorityLevelStreamingActorsUpdateExtraTime:5.0]]
LogConfig: Setting CVar [[s.LevelStreamingComponentsRegistrationGranularity:10]]
LogConfig: Setting CVar [[s.UnregisterComponentsTimeLimit:1.0]]
LogConfig: Setting CVar [[s.LevelStreamingComponentsUnregistrationGranularity:5]]
LogConfig: Setting CVar [[s.FlushStreamingOnExit:1]]
LogInit: Object subsystem initialized
LogConfig: Setting CVar [[con.DebugEarlyDefault:1]]
LogConfig: Setting CVar [[r.setres:1280x720]]
[2024.05.08-14.49.35:152][  0]LogConfig: Setting CVar [[r.VSync:0]]
[2024.05.08-14.49.35:152][  0]LogConfig: Setting CVar [[r.RHICmdBypass:0]]
[2024.05.08-14.49.35:152][  0]LogConfig: Applying CVar settings from Section [/Script/Engine.RendererSettings] File [D:/UnrealCUDAPlugin/Saved/Config/Windows/Engine.ini]
[2024.05.08-14.49.35:152][  0]LogConfig: Setting CVar [[r.GPUCrashDebugging:0]]
[2024.05.08-14.49.35:152][  0]LogConfig: Applying CVar settings from Section [/Script/Engine.RendererOverrideSettings] File [D:/UnrealCUDAPlugin/Saved/Config/Windows/Engine.ini]
[2024.05.08-14.49.35:152][  0]LogConfig: Applying CVar settings from Section [/Script/Engine.StreamingSettings] File [D:/UnrealCUDAPlugin/Saved/Config/Windows/Engine.ini]
[2024.05.08-14.49.35:152][  0]LogConfig: Setting CVar [[s.MinBulkDataSizeForAsyncLoading:131072]]
[2024.05.08-14.49.35:152][  0]LogConfig: Setting CVar [[s.AsyncLoadingThreadEnabled:0]]
[2024.05.08-14.49.35:152][  0]LogConfig: Setting CVar [[s.EventDrivenLoaderEnabled:1]]
[2024.05.08-14.49.35:152][  0]LogConfig: Setting CVar [[s.WarnIfTimeLimitExceeded:0]]
[2024.05.08-14.49.35:152][  0]LogConfig: Setting CVar [[s.TimeLimitExceededMultiplier:1.5]]
[2024.05.08-14.49.35:152][  0]LogConfig: Setting CVar [[s.TimeLimitExceededMinTime:0.005]]
[2024.05.08-14.49.35:152][  0]LogConfig: Setting CVar [[s.UseBackgroundLevelStreaming:1]]
[2024.05.08-14.49.35:152][  0]LogConfig: Setting CVar [[s.PriorityAsyncLoadingExtraTime:15.0]]
[2024.05.08-14.49.35:152][  0]LogConfig: Setting CVar [[s.LevelStreamingActorsUpdateTimeLimit:5.0]]
[2024.05.08-14.49.35:152][  0]LogConfig: Setting CVar [[s.PriorityLevelStreamingActorsUpdateExtraTime:5.0]]
[2024.05.08-14.49.35:152][  0]LogConfig: Setting CVar [[s.LevelStreamingComponentsRegistrationGranularity:10]]
[2024.05.08-14.49.35:152][  0]LogConfig: Setting CVar [[s.UnregisterComponentsTimeLimit:1.0]]
[2024.05.08-14.49.35:152][  0]LogConfig: Setting CVar [[s.LevelStreamingComponentsUnregistrationGranularity:5]]
[2024.05.08-14.49.35:153][  0]LogConfig: Setting CVar [[s.FlushStreamingOnExit:1]]
[2024.05.08-14.49.35:153][  0]LogConfig: Applying CVar settings from Section [/Script/Engine.GarbageCollectionSettings] File [D:/UnrealCUDAPlugin/Saved/Config/Windows/Engine.ini]
[2024.05.08-14.49.35:153][  0]LogConfig: Setting CVar [[gc.MaxObjectsNotConsideredByGC:1]]
[2024.05.08-14.49.35:153][  0]LogConfig: Setting CVar [[gc.SizeOfPermanentObjectPool:0]]
[2024.05.08-14.49.35:153][  0]LogConfig: Setting CVar [[gc.FlushStreamingOnGC:0]]
[2024.05.08-14.49.35:153][  0]LogConfig: Setting CVar [[gc.NumRetriesBeforeForcingGC:10]]
[2024.05.08-14.49.35:153][  0]LogConfig: Setting CVar [[gc.AllowParallelGC:1]]
[2024.05.08-14.49.35:153][  0]LogConfig: Setting CVar [[gc.TimeBetweenPurgingPendingKillObjects:61.1]]
[2024.05.08-14.49.35:153][  0]LogConfig: Setting CVar [[gc.MaxObjectsInEditor:25165824]]
[2024.05.08-14.49.35:153][  0]LogConfig: Setting CVar [[gc.IncrementalBeginDestroyEnabled:1]]
[2024.05.08-14.49.35:153][  0]LogConfig: Setting CVar [[gc.CreateGCClusters:1]]
[2024.05.08-14.49.35:153][  0]LogConfig: Setting CVar [[gc.MinGCClusterSize:5]]
[2024.05.08-14.49.35:153][  0]LogConfig: Setting CVar [[gc.ActorClusteringEnabled:0]]
[2024.05.08-14.49.35:153][  0]LogConfig: Setting CVar [[gc.BlueprintClusteringEnabled:0]]
[2024.05.08-14.49.35:153][  0]LogConfig: Setting CVar [[gc.UseDisregardForGCOnDedicatedServers:0]]
[2024.05.08-14.49.35:153][  0]LogConfig: Setting CVar [[gc.MultithreadedDestructionEnabled:1]]
[2024.05.08-14.49.35:153][  0]LogConfig: Applying CVar settings from Section [/Script/Engine.NetworkSettings] File [D:/UnrealCUDAPlugin/Saved/Config/Windows/Engine.ini]
[2024.05.08-14.49.35:153][  0]LogConfig: Applying CVar settings from Section [/Script/UnrealEd.CookerSettings] File [D:/UnrealCUDAPlugin/Saved/Config/Windows/Engine.ini]
[2024.05.08-14.49.35:161][  0]LogConfig: Applying CVar settings from Section [ViewDistanceQuality@3] File [D:/UnrealCUDAPlugin/Saved/Config/Windows/Scalability.ini]
[2024.05.08-14.49.35:161][  0]LogConfig: Setting CVar [[r.SkeletalMeshLODBias:0]]
[2024.05.08-14.49.35:161][  0]LogConfig: Setting CVar [[r.ViewDistanceScale:1.0]]
[2024.05.08-14.49.35:161][  0]LogConfig: Applying CVar settings from Section [AntiAliasingQuality@3] File [D:/UnrealCUDAPlugin/Saved/Config/Windows/Scalability.ini]
[2024.05.08-14.49.35:161][  0]LogConfig: Setting CVar [[r.PostProcessAAQuality:4]]
[2024.05.08-14.49.35:161][  0]LogConfig: Applying CVar settings from Section [ShadowQuality@3] File [D:/UnrealCUDAPlugin/Saved/Config/Windows/Scalability.ini]
[2024.05.08-14.49.35:161][  0]LogConfig: Setting CVar [[r.LightFunctionQuality:1]]
[2024.05.08-14.49.35:161][  0]LogConfig: Setting CVar [[r.ShadowQuality:5]]
[2024.05.08-14.49.35:161][  0]LogConfig: Setting CVar [[r.Shadow.CSM.MaxCascades:10]]
[2024.05.08-14.49.35:161][  0]LogConfig: Setting CVar [[r.Shadow.MaxResolution:2048]]
[2024.05.08-14.49.35:161][  0]LogConfig: Setting CVar [[r.Shadow.MaxCSMResolution:2048]]
[2024.05.08-14.49.35:161][  0]LogConfig: Setting CVar [[r.Shadow.RadiusThreshold:0.01]]
[2024.05.08-14.49.35:161][  0]LogConfig: Setting CVar [[r.Shadow.DistanceScale:1.0]]
[2024.05.08-14.49.35:161][  0]LogConfig: Setting CVar [[r.Shadow.CSM.TransitionScale:1.0]]
[2024.05.08-14.49.35:161][  0]LogConfig: Setting CVar [[r.Shadow.PreShadowResolutionFactor:1.0]]
[2024.05.08-14.49.35:161][  0]LogConfig: Setting CVar [[r.DistanceFieldShadowing:1]]
[2024.05.08-14.49.35:161][  0]LogConfig: Setting CVar [[r.DistanceFieldAO:1]]
[2024.05.08-14.49.35:161][  0]LogConfig: Setting CVar [[r.AOQuality:2]]
[2024.05.08-14.49.35:161][  0]LogConfig: Setting CVar [[r.VolumetricFog:1]]
[2024.05.08-14.49.35:161][  0]LogConfig: Setting CVar [[r.VolumetricFog.GridPixelSize:8]]
[2024.05.08-14.49.35:161][  0]LogConfig: Setting CVar [[r.VolumetricFog.GridSizeZ:128]]
[2024.05.08-14.49.35:161][  0]LogConfig: Setting CVar [[r.VolumetricFog.HistoryMissSupersampleCount:4]]
[2024.05.08-14.49.35:161][  0]LogConfig: Setting CVar [[r.LightMaxDrawDistanceScale:1]]
[2024.05.08-14.49.35:161][  0]LogConfig: Setting CVar [[r.CapsuleShadows:1]]
[2024.05.08-14.49.35:161][  0]LogConfig: Applying CVar settings from Section [PostProcessQuality@3] File [D:/UnrealCUDAPlugin/Saved/Config/Windows/Scalability.ini]
[2024.05.08-14.49.35:161][  0]LogConfig: Setting CVar [[r.MotionBlurQuality:4]]
[2024.05.08-14.49.35:161][  0]LogConfig: Setting CVar [[r.AmbientOcclusionMipLevelFactor:0.4]]
[2024.05.08-14.49.35:161][  0]LogConfig: Setting CVar [[r.AmbientOcclusionMaxQuality:100]]
[2024.05.08-14.49.35:161][  0]LogConfig: Setting CVar [[r.AmbientOcclusionLevels:-1]]
[2024.05.08-14.49.35:161][  0]LogConfig: Setting CVar [[r.AmbientOcclusionRadiusScale:1.0]]
[2024.05.08-14.49.35:161][  0]LogConfig: Setting CVar [[r.DepthOfFieldQuality:2]]
[2024.05.08-14.49.35:161][  0]LogConfig: Setting CVar [[r.RenderTargetPoolMin:400]]
[2024.05.08-14.49.35:161][  0]LogConfig: Setting CVar [[r.LensFlareQuality:2]]
[2024.05.08-14.49.35:161][  0]LogConfig: Setting CVar [[r.SceneColorFringeQuality:1]]
[2024.05.08-14.49.35:161][  0]LogConfig: Setting CVar [[r.EyeAdaptationQuality:2]]
[2024.05.08-14.49.35:161][  0]LogConfig: Setting CVar [[r.BloomQuality:5]]
[2024.05.08-14.49.35:161][  0]LogConfig: Setting CVar [[r.FastBlurThreshold:100]]
[2024.05.08-14.49.35:161][  0]LogConfig: Setting CVar [[r.Upscale.Quality:3]]
[2024.05.08-14.49.35:161][  0]LogConfig: Setting CVar [[r.Tonemapper.GrainQuantization:1]]
[2024.05.08-14.49.35:161][  0]LogConfig: Setting CVar [[r.LightShaftQuality:1]]
[2024.05.08-14.49.35:161][  0]LogConfig: Setting CVar [[r.Filter.SizeScale:1]]
[2024.05.08-14.49.35:161][  0]LogConfig: Setting CVar [[r.Tonemapper.Quality:5]]
[2024.05.08-14.49.35:162][  0]LogConfig: Setting CVar [[r.DOF.Gather.AccumulatorQuality:1        ; higher gathering accumulator quality]]
[2024.05.08-14.49.35:162][  0]LogConfig: Setting CVar [[r.DOF.Gather.PostfilterMethod:1          ; Median3x3 postfilering method]]
[2024.05.08-14.49.35:162][  0]LogConfig: Setting CVar [[r.DOF.Gather.EnableBokehSettings:0       ; no bokeh simulation when gathering]]
[2024.05.08-14.49.35:162][  0]LogConfig: Setting CVar [[r.DOF.Gather.RingCount:4                 ; medium number of samples when gathering]]
[2024.05.08-14.49.35:162][  0]LogConfig: Setting CVar [[r.DOF.Scatter.ForegroundCompositing:1    ; additive foreground scattering]]
[2024.05.08-14.49.35:162][  0]LogConfig: Setting CVar [[r.DOF.Scatter.BackgroundCompositing:2    ; additive background scattering]]
[2024.05.08-14.49.35:162][  0]LogConfig: Setting CVar [[r.DOF.Scatter.EnableBokehSettings:1      ; bokeh simulation when scattering]]
[2024.05.08-14.49.35:162][  0]LogConfig: Setting CVar [[r.DOF.Scatter.MaxSpriteRatio:0.1         ; only a maximum of 10% of scattered bokeh]]
[2024.05.08-14.49.35:162][  0]LogConfig: Setting CVar [[r.DOF.Recombine.Quality:1                ; cheap slight out of focus]]
[2024.05.08-14.49.35:162][  0]LogConfig: Setting CVar [[r.DOF.Recombine.EnableBokehSettings:0    ; no bokeh simulation on slight out of focus]]
[2024.05.08-14.49.35:162][  0]LogConfig: Setting CVar [[r.DOF.TemporalAAQuality:1                ; more stable temporal accumulation]]
[2024.05.08-14.49.35:162][  0]LogConfig: Setting CVar [[r.DOF.Kernel.MaxForegroundRadius:0.025]]
[2024.05.08-14.49.35:162][  0]LogConfig: Setting CVar [[r.DOF.Kernel.MaxBackgroundRadius:0.025]]
[2024.05.08-14.49.35:162][  0]LogConfig: Applying CVar settings from Section [TextureQuality@3] File [D:/UnrealCUDAPlugin/Saved/Config/Windows/Scalability.ini]
[2024.05.08-14.49.35:162][  0]LogConfig: Setting CVar [[r.Streaming.MipBias:0]]
[2024.05.08-14.49.35:162][  0]LogConfig: Setting CVar [[r.Streaming.AmortizeCPUToGPUCopy:0]]
[2024.05.08-14.49.35:162][  0]LogConfig: Setting CVar [[r.Streaming.MaxNumTexturesToStreamPerFrame:0]]
[2024.05.08-14.49.35:162][  0]LogConfig: Setting CVar [[r.Streaming.Boost:1]]
[2024.05.08-14.49.35:162][  0]LogConfig: Setting CVar [[r.MaxAnisotropy:8]]
[2024.05.08-14.49.35:162][  0]LogConfig: Setting CVar [[r.VT.MaxAnisotropy:8]]
[2024.05.08-14.49.35:162][  0]LogConfig: Setting CVar [[r.Streaming.LimitPoolSizeToVRAM:0]]
[2024.05.08-14.49.35:162][  0]LogConfig: Setting CVar [[r.Streaming.PoolSize:1000]]
[2024.05.08-14.49.35:162][  0]LogConfig: Setting CVar [[r.Streaming.MaxEffectiveScreenSize:0]]
[2024.05.08-14.49.35:162][  0]LogConfig: Applying CVar settings from Section [EffectsQuality@3] File [D:/UnrealCUDAPlugin/Saved/Config/Windows/Scalability.ini]
[2024.05.08-14.49.35:162][  0]LogConfig: Setting CVar [[r.TranslucencyLightingVolumeDim:64]]
[2024.05.08-14.49.35:162][  0]LogConfig: Setting CVar [[r.RefractionQuality:2]]
[2024.05.08-14.49.35:162][  0]LogConfig: Setting CVar [[r.SSR.Quality:3]]
[2024.05.08-14.49.35:162][  0]LogConfig: Setting CVar [[r.SSR.HalfResSceneColor:0]]
[2024.05.08-14.49.35:162][  0]LogConfig: Setting CVar [[r.SceneColorFormat:4]]
[2024.05.08-14.49.35:162][  0]LogConfig: Setting CVar [[r.DetailMode:2]]
[2024.05.08-14.49.35:162][  0]LogConfig: Setting CVar [[r.TranslucencyVolumeBlur:1]]
[2024.05.08-14.49.35:162][  0]LogConfig: Setting CVar [[r.MaterialQualityLevel:1 ; High quality]]
[2024.05.08-14.49.35:162][  0]LogConfig: Setting CVar [[r.AnisotropicMaterials:1]]
[2024.05.08-14.49.35:162][  0]LogConfig: Setting CVar [[r.SSS.Scale:1]]
[2024.05.08-14.49.35:162][  0]LogConfig: Setting CVar [[r.SSS.SampleSet:2]]
[2024.05.08-14.49.35:162][  0]LogConfig: Setting CVar [[r.SSS.Quality:1]]
[2024.05.08-14.49.35:162][  0]LogConfig: Setting CVar [[r.SSS.HalfRes:0]]
[2024.05.08-14.49.35:162][  0]LogConfig: Setting CVar [[r.SSGI.Quality:3]]
[2024.05.08-14.49.35:162][  0]LogConfig: Setting CVar [[r.EmitterSpawnRateScale:1.0]]
[2024.05.08-14.49.35:162][  0]LogConfig: Setting CVar [[r.ParticleLightQuality:2]]
[2024.05.08-14.49.35:162][  0]LogConfig: Setting CVar [[r.SkyAtmosphere.AerialPerspectiveLUT.FastApplyOnOpaque:1 ; Always have FastSkyLUT 1 in this case to avoid wrong sky]]
[2024.05.08-14.49.35:162][  0]LogConfig: Setting CVar [[r.SkyAtmosphere.AerialPerspectiveLUT.SampleCountMaxPerSlice:4]]
[2024.05.08-14.49.35:162][  0]LogConfig: Setting CVar [[r.SkyAtmosphere.AerialPerspectiveLUT.DepthResolution:16.0]]
[2024.05.08-14.49.35:162][  0]LogConfig: Setting CVar [[r.SkyAtmosphere.FastSkyLUT:1]]
[2024.05.08-14.49.35:162][  0]LogConfig: Setting CVar [[r.SkyAtmosphere.FastSkyLUT.SampleCountMin:4.0]]
[2024.05.08-14.49.35:162][  0]LogConfig: Setting CVar [[r.SkyAtmosphere.FastSkyLUT.SampleCountMax:128.0]]
[2024.05.08-14.49.35:162][  0]LogConfig: Setting CVar [[r.SkyAtmosphere.SampleCountMin:4.0]]
[2024.05.08-14.49.35:162][  0]LogConfig: Setting CVar [[r.SkyAtmosphere.SampleCountMax:128.0]]
[2024.05.08-14.49.35:162][  0]LogConfig: Setting CVar [[r.SkyAtmosphere.TransmittanceLUT.UseSmallFormat:0]]
[2024.05.08-14.49.35:162][  0]LogConfig: Setting CVar [[r.SkyAtmosphere.TransmittanceLUT.SampleCount:10.0]]
[2024.05.08-14.49.35:162][  0]LogConfig: Setting CVar [[r.SkyAtmosphere.MultiScatteringLUT.SampleCount:15.0]]
[2024.05.08-14.49.35:162][  0]LogConfig: Setting CVar [[r.SkyLight.RealTimeReflectionCapture:1]]
[2024.05.08-14.49.35:162][  0]LogConfig: Applying CVar settings from Section [FoliageQuality@3] File [D:/UnrealCUDAPlugin/Saved/Config/Windows/Scalability.ini]
[2024.05.08-14.49.35:162][  0]LogConfig: Setting CVar [[foliage.DensityScale:1.0]]
[2024.05.08-14.49.35:162][  0]LogConfig: Setting CVar [[grass.DensityScale:1.0]]
[2024.05.08-14.49.35:162][  0]LogConfig: Applying CVar settings from Section [ShadingQuality@3] File [D:/UnrealCUDAPlugin/Saved/Config/Windows/Scalability.ini]
[2024.05.08-14.49.35:162][  0]LogConfig: Setting CVar [[r.HairStrands.SkyLighting.IntegrationType:2]]
[2024.05.08-14.49.35:162][  0]LogConfig: Setting CVar [[r.HairStrands.SkyAO.SampleCount:4]]
[2024.05.08-14.49.35:162][  0]LogConfig: Setting CVar [[r.HairStrands.Visibility.MSAA.SamplePerPixel:4]]
[2024.05.08-14.49.35:162][  0]LogInit: Selected Device Profile: [Windows]
[2024.05.08-14.49.35:163][  0]LogInit: Applying CVar settings loaded from the selected device profile: [Windows]
[2024.05.08-14.49.35:163][  0]LogHAL: Display: Platform has ~ 16 GB [17027035136 / 17179869184 / 16], which maps to Larger [LargestMinGB=32, LargerMinGB=12, DefaultMinGB=8, SmallerMinGB=6, SmallestMinGB=0)
[2024.05.08-14.49.35:163][  0]LogInit: Going up to parent DeviceProfile []
[2024.05.08-14.49.35:163][  0]LogConfig: Applying CVar settings from Section [ViewDistanceQuality@3] File [D:/UnrealCUDAPlugin/Saved/Config/Windows/Scalability.ini]
[2024.05.08-14.49.35:163][  0]LogConfig: Setting CVar [[r.SkeletalMeshLODBias:0]]
[2024.05.08-14.49.35:163][  0]LogConfig: Setting CVar [[r.ViewDistanceScale:1.0]]
[2024.05.08-14.49.35:163][  0]LogConfig: Applying CVar settings from Section [AntiAliasingQuality@3] File [D:/UnrealCUDAPlugin/Saved/Config/Windows/Scalability.ini]
[2024.05.08-14.49.35:163][  0]LogConfig: Setting CVar [[r.PostProcessAAQuality:4]]
[2024.05.08-14.49.35:163][  0]LogConfig: Applying CVar settings from Section [ShadowQuality@3] File [D:/UnrealCUDAPlugin/Saved/Config/Windows/Scalability.ini]
[2024.05.08-14.49.35:163][  0]LogConfig: Setting CVar [[r.LightFunctionQuality:1]]
[2024.05.08-14.49.35:163][  0]LogConfig: Setting CVar [[r.ShadowQuality:5]]
[2024.05.08-14.49.35:163][  0]LogConfig: Setting CVar [[r.Shadow.CSM.MaxCascades:10]]
[2024.05.08-14.49.35:163][  0]LogConfig: Setting CVar [[r.Shadow.MaxResolution:2048]]
[2024.05.08-14.49.35:163][  0]LogConfig: Setting CVar [[r.Shadow.MaxCSMResolution:2048]]
[2024.05.08-14.49.35:163][  0]LogConfig: Setting CVar [[r.Shadow.RadiusThreshold:0.01]]
[2024.05.08-14.49.35:163][  0]LogConfig: Setting CVar [[r.Shadow.DistanceScale:1.0]]
[2024.05.08-14.49.35:163][  0]LogConfig: Setting CVar [[r.Shadow.CSM.TransitionScale:1.0]]
[2024.05.08-14.49.35:163][  0]LogConfig: Setting CVar [[r.Shadow.PreShadowResolutionFactor:1.0]]
[2024.05.08-14.49.35:163][  0]LogConfig: Setting CVar [[r.DistanceFieldShadowing:1]]
[2024.05.08-14.49.35:163][  0]LogConfig: Setting CVar [[r.DistanceFieldAO:1]]
[2024.05.08-14.49.35:163][  0]LogConfig: Setting CVar [[r.AOQuality:2]]
[2024.05.08-14.49.35:163][  0]LogConfig: Setting CVar [[r.VolumetricFog:1]]
[2024.05.08-14.49.35:163][  0]LogConfig: Setting CVar [[r.VolumetricFog.GridPixelSize:8]]
[2024.05.08-14.49.35:163][  0]LogConfig: Setting CVar [[r.VolumetricFog.GridSizeZ:128]]
[2024.05.08-14.49.35:163][  0]LogConfig: Setting CVar [[r.VolumetricFog.HistoryMissSupersampleCount:4]]
[2024.05.08-14.49.35:163][  0]LogConfig: Setting CVar [[r.LightMaxDrawDistanceScale:1]]
[2024.05.08-14.49.35:163][  0]LogConfig: Setting CVar [[r.CapsuleShadows:1]]
[2024.05.08-14.49.35:163][  0]LogConfig: Applying CVar settings from Section [PostProcessQuality@3] File [D:/UnrealCUDAPlugin/Saved/Config/Windows/Scalability.ini]
[2024.05.08-14.49.35:163][  0]LogConfig: Setting CVar [[r.MotionBlurQuality:4]]
[2024.05.08-14.49.35:163][  0]LogConfig: Setting CVar [[r.AmbientOcclusionMipLevelFactor:0.4]]
[2024.05.08-14.49.35:163][  0]LogConfig: Setting CVar [[r.AmbientOcclusionMaxQuality:100]]
[2024.05.08-14.49.35:163][  0]LogConfig: Setting CVar [[r.AmbientOcclusionLevels:-1]]
[2024.05.08-14.49.35:163][  0]LogConfig: Setting CVar [[r.AmbientOcclusionRadiusScale:1.0]]
[2024.05.08-14.49.35:163][  0]LogConfig: Setting CVar [[r.DepthOfFieldQuality:2]]
[2024.05.08-14.49.35:163][  0]LogConfig: Setting CVar [[r.RenderTargetPoolMin:400]]
[2024.05.08-14.49.35:163][  0]LogConfig: Setting CVar [[r.LensFlareQuality:2]]
[2024.05.08-14.49.35:163][  0]LogConfig: Setting CVar [[r.SceneColorFringeQuality:1]]
[2024.05.08-14.49.35:163][  0]LogConfig: Setting CVar [[r.EyeAdaptationQuality:2]]
[2024.05.08-14.49.35:163][  0]LogConfig: Setting CVar [[r.BloomQuality:5]]
[2024.05.08-14.49.35:163][  0]LogConfig: Setting CVar [[r.FastBlurThreshold:100]]
[2024.05.08-14.49.35:163][  0]LogConfig: Setting CVar [[r.Upscale.Quality:3]]
[2024.05.08-14.49.35:163][  0]LogConfig: Setting CVar [[r.Tonemapper.GrainQuantization:1]]
[2024.05.08-14.49.35:163][  0]LogConfig: Setting CVar [[r.LightShaftQuality:1]]
[2024.05.08-14.49.35:163][  0]LogConfig: Setting CVar [[r.Filter.SizeScale:1]]
[2024.05.08-14.49.35:163][  0]LogConfig: Setting CVar [[r.Tonemapper.Quality:5]]
[2024.05.08-14.49.35:163][  0]LogConfig: Setting CVar [[r.DOF.Gather.AccumulatorQuality:1        ; higher gathering accumulator quality]]
[2024.05.08-14.49.35:163][  0]LogConfig: Setting CVar [[r.DOF.Gather.PostfilterMethod:1          ; Median3x3 postfilering method]]
[2024.05.08-14.49.35:163][  0]LogConfig: Setting CVar [[r.DOF.Gather.EnableBokehSettings:0       ; no bokeh simulation when gathering]]
[2024.05.08-14.49.35:163][  0]LogConfig: Setting CVar [[r.DOF.Gather.RingCount:4                 ; medium number of samples when gathering]]
[2024.05.08-14.49.35:163][  0]LogConfig: Setting CVar [[r.DOF.Scatter.ForegroundCompositing:1    ; additive foreground scattering]]
[2024.05.08-14.49.35:163][  0]LogConfig: Setting CVar [[r.DOF.Scatter.BackgroundCompositing:2    ; additive background scattering]]
[2024.05.08-14.49.35:163][  0]LogConfig: Setting CVar [[r.DOF.Scatter.EnableBokehSettings:1      ; bokeh simulation when scattering]]
[2024.05.08-14.49.35:163][  0]LogConfig: Setting CVar [[r.DOF.Scatter.MaxSpriteRatio:0.1         ; only a maximum of 10% of scattered bokeh]]
[2024.05.08-14.49.35:163][  0]LogConfig: Setting CVar [[r.DOF.Recombine.Quality:1                ; cheap slight out of focus]]
[2024.05.08-14.49.35:163][  0]LogConfig: Setting CVar [[r.DOF.Recombine.EnableBokehSettings:0    ; no bokeh simulation on slight out of focus]]
[2024.05.08-14.49.35:163][  0]LogConfig: Setting CVar [[r.DOF.TemporalAAQuality:1                ; more stable temporal accumulation]]
[2024.05.08-14.49.35:163][  0]LogConfig: Setting CVar [[r.DOF.Kernel.MaxForegroundRadius:0.025]]
[2024.05.08-14.49.35:163][  0]LogConfig: Setting CVar [[r.DOF.Kernel.MaxBackgroundRadius:0.025]]
[2024.05.08-14.49.35:164][  0]LogConfig: Applying CVar settings from Section [TextureQuality@3] File [D:/UnrealCUDAPlugin/Saved/Config/Windows/Scalability.ini]
[2024.05.08-14.49.35:164][  0]LogConfig: Setting CVar [[r.Streaming.MipBias:0]]
[2024.05.08-14.49.35:164][  0]LogConfig: Setting CVar [[r.Streaming.AmortizeCPUToGPUCopy:0]]
[2024.05.08-14.49.35:164][  0]LogConfig: Setting CVar [[r.Streaming.MaxNumTexturesToStreamPerFrame:0]]
[2024.05.08-14.49.35:164][  0]LogConfig: Setting CVar [[r.Streaming.Boost:1]]
[2024.05.08-14.49.35:164][  0]LogConfig: Setting CVar [[r.MaxAnisotropy:8]]
[2024.05.08-14.49.35:164][  0]LogConfig: Setting CVar [[r.VT.MaxAnisotropy:8]]
[2024.05.08-14.49.35:164][  0]LogConfig: Setting CVar [[r.Streaming.LimitPoolSizeToVRAM:0]]
[2024.05.08-14.49.35:164][  0]LogConfig: Setting CVar [[r.Streaming.PoolSize:1000]]
[2024.05.08-14.49.35:164][  0]LogConfig: Setting CVar [[r.Streaming.MaxEffectiveScreenSize:0]]
[2024.05.08-14.49.35:164][  0]LogConfig: Applying CVar settings from Section [EffectsQuality@3] File [D:/UnrealCUDAPlugin/Saved/Config/Windows/Scalability.ini]
[2024.05.08-14.49.35:164][  0]LogConfig: Setting CVar [[r.TranslucencyLightingVolumeDim:64]]
[2024.05.08-14.49.35:164][  0]LogConfig: Setting CVar [[r.RefractionQuality:2]]
[2024.05.08-14.49.35:164][  0]LogConfig: Setting CVar [[r.SSR.Quality:3]]
[2024.05.08-14.49.35:164][  0]LogConfig: Setting CVar [[r.SSR.HalfResSceneColor:0]]
[2024.05.08-14.49.35:164][  0]LogConfig: Setting CVar [[r.SceneColorFormat:4]]
[2024.05.08-14.49.35:164][  0]LogConfig: Setting CVar [[r.DetailMode:2]]
[2024.05.08-14.49.35:164][  0]LogConfig: Setting CVar [[r.TranslucencyVolumeBlur:1]]
[2024.05.08-14.49.35:164][  0]LogConfig: Setting CVar [[r.MaterialQualityLevel:1 ; High quality]]
[2024.05.08-14.49.35:164][  0]LogConfig: Setting CVar [[r.AnisotropicMaterials:1]]
[2024.05.08-14.49.35:164][  0]LogConfig: Setting CVar [[r.SSS.Scale:1]]
[2024.05.08-14.49.35:164][  0]LogConfig: Setting CVar [[r.SSS.SampleSet:2]]
[2024.05.08-14.49.35:164][  0]LogConfig: Setting CVar [[r.SSS.Quality:1]]
[2024.05.08-14.49.35:164][  0]LogConfig: Setting CVar [[r.SSS.HalfRes:0]]
[2024.05.08-14.49.35:164][  0]LogConfig: Setting CVar [[r.SSGI.Quality:3]]
[2024.05.08-14.49.35:164][  0]LogConfig: Setting CVar [[r.EmitterSpawnRateScale:1.0]]
[2024.05.08-14.49.35:164][  0]LogConfig: Setting CVar [[r.ParticleLightQuality:2]]
[2024.05.08-14.49.35:164][  0]LogConfig: Setting CVar [[r.SkyAtmosphere.AerialPerspectiveLUT.FastApplyOnOpaque:1 ; Always have FastSkyLUT 1 in this case to avoid wrong sky]]
[2024.05.08-14.49.35:164][  0]LogConfig: Setting CVar [[r.SkyAtmosphere.AerialPerspectiveLUT.SampleCountMaxPerSlice:4]]
[2024.05.08-14.49.35:164][  0]LogConfig: Setting CVar [[r.SkyAtmosphere.AerialPerspectiveLUT.DepthResolution:16.0]]
[2024.05.08-14.49.35:164][  0]LogConfig: Setting CVar [[r.SkyAtmosphere.FastSkyLUT:1]]
[2024.05.08-14.49.35:164][  0]LogConfig: Setting CVar [[r.SkyAtmosphere.FastSkyLUT.SampleCountMin:4.0]]
[2024.05.08-14.49.35:164][  0]LogConfig: Setting CVar [[r.SkyAtmosphere.FastSkyLUT.SampleCountMax:128.0]]
[2024.05.08-14.49.35:164][  0]LogConfig: Setting CVar [[r.SkyAtmosphere.SampleCountMin:4.0]]
[2024.05.08-14.49.35:164][  0]LogConfig: Setting CVar [[r.SkyAtmosphere.SampleCountMax:128.0]]
[2024.05.08-14.49.35:164][  0]LogConfig: Setting CVar [[r.SkyAtmosphere.TransmittanceLUT.UseSmallFormat:0]]
[2024.05.08-14.49.35:164][  0]LogConfig: Setting CVar [[r.SkyAtmosphere.TransmittanceLUT.SampleCount:10.0]]
[2024.05.08-14.49.35:164][  0]LogConfig: Setting CVar [[r.SkyAtmosphere.MultiScatteringLUT.SampleCount:15.0]]
[2024.05.08-14.49.35:164][  0]LogConfig: Setting CVar [[r.SkyLight.RealTimeReflectionCapture:1]]
[2024.05.08-14.49.35:164][  0]LogConfig: Applying CVar settings from Section [FoliageQuality@3] File [D:/UnrealCUDAPlugin/Saved/Config/Windows/Scalability.ini]
[2024.05.08-14.49.35:164][  0]LogConfig: Setting CVar [[foliage.DensityScale:1.0]]
[2024.05.08-14.49.35:164][  0]LogConfig: Setting CVar [[grass.DensityScale:1.0]]
[2024.05.08-14.49.35:164][  0]LogConfig: Applying CVar settings from Section [ShadingQuality@3] File [D:/UnrealCUDAPlugin/Saved/Config/Windows/Scalability.ini]
[2024.05.08-14.49.35:164][  0]LogConfig: Setting CVar [[r.HairStrands.SkyLighting.IntegrationType:2]]
[2024.05.08-14.49.35:164][  0]LogConfig: Setting CVar [[r.HairStrands.SkyAO.SampleCount:4]]
[2024.05.08-14.49.35:164][  0]LogConfig: Setting CVar [[r.HairStrands.Visibility.MSAA.SamplePerPixel:4]]
[2024.05.08-14.49.35:164][  0]LogConfig: Applying CVar settings from Section [Startup] File [../../../Engine/Config/ConsoleVariables.ini]
[2024.05.08-14.49.35:164][  0]LogConfig: Setting CVar [[net.UseAdaptiveNetUpdateFrequency:0]]
[2024.05.08-14.49.35:164][  0]LogConfig: Setting CVar [[p.chaos.AllowCreatePhysxBodies:1]]
[2024.05.08-14.49.35:164][  0]LogConfig: Setting CVar [[fx.SkipVectorVMBackendOptimizations:1]]
[2024.05.08-14.49.35:164][  0]LogConfig: Applying CVar settings from Section [ConsoleVariables] File [D:/UnrealCUDAPlugin/Saved/Config/Windows/Engine.ini]
[2024.05.08-14.49.35:164][  0]LogConfig: Applying CVar settings from Section [ConsoleVariables] File [D:/UnrealCUDAPlugin/Saved/Config/Windows/Editor.ini]
[2024.05.08-14.49.35:165][  0]LogInit: Computer: LAPTOP-I4ERUUB4
[2024.05.08-14.49.35:165][  0]LogInit: User: Lucía
[2024.05.08-14.49.35:165][  0]LogInit: CPU Page size=4096, Cores=6
[2024.05.08-14.49.35:165][  0]LogInit: High frequency timer resolution =10.000000 MHz
[2024.05.08-14.49.35:165][  0]LogMemory: Memory total: Physical=15.9GB (16GB approx)
[2024.05.08-14.49.35:165][  0]LogMemory: Platform Memory Stats for Windows
[2024.05.08-14.49.35:165][  0]LogMemory: Process Physical Memory: 143.41 MB used, 143.41 MB peak
[2024.05.08-14.49.35:165][  0]LogMemory: Process Virtual Memory: 126.11 MB used, 126.11 MB peak
[2024.05.08-14.49.35:165][  0]LogMemory: Physical Memory: 9397.47 MB used,  6840.78 MB free, 16238.25 MB total
[2024.05.08-14.49.35:165][  0]LogMemory: Virtual Memory: 134212240.00 MB used,  5484.93 MB free, 134217728.00 MB total
[2024.05.08-14.49.35:175][  0]LogWindows: WindowsPlatformFeatures enabled
[2024.05.08-14.49.35:262][  0]LogInit: Physics initialised using underlying interface: PhysX
[2024.05.08-14.49.35:263][  0]LogInit: Overriding language with editor language configuration option (en).
[2024.05.08-14.49.35:263][  0]LogInit: Using OS detected locale (es-ES).
[2024.05.08-14.49.35:664][  0]LogInit: Setting process to per monitor DPI aware
[2024.05.08-14.49.35:686][  0]LogWindowsTextInputMethodSystem: Display: IME system deactivated.
[2024.05.08-14.49.35:758][  0]LogSlate: New Slate User Created.  User Index 0, Is Virtual User: 0
[2024.05.08-14.49.35:758][  0]LogSlate: Slate User Registered.  User Index 0, Is Virtual User: 0
[2024.05.08-14.49.36:224][  0]LogD3D11RHI: Loaded GFSDK_Aftermath_Lib.x64.dll
[2024.05.08-14.49.36:428][  0]LogHMD: Failed to initialize OpenVR with code 110
[2024.05.08-14.49.36:428][  0]LogD3D11RHI: D3D11 min allowed feature level: 11_0
[2024.05.08-14.49.36:428][  0]LogD3D11RHI: D3D11 max allowed feature level: 11_0
[2024.05.08-14.49.36:428][  0]LogD3D11RHI: D3D11 adapters:
[2024.05.08-14.49.36:652][  0]LogD3D11RHI:    0. 'NVIDIA GeForce GTX 1050' (Feature Level 11_0)
[2024.05.08-14.49.36:652][  0]LogD3D11RHI:       4020/0/8119 MB DedicatedVideo/DedicatedSystem/SharedSystem, Outputs:1, VendorId:0x10de
[2024.05.08-14.49.36:679][  0]LogD3D11RHI:    1. 'Intel(R) UHD Graphics 630' (Feature Level 11_0)
[2024.05.08-14.49.36:680][  0]LogD3D11RHI:       128/0/8119 MB DedicatedVideo/DedicatedSystem/SharedSystem, Outputs:0, VendorId:0x8086
[2024.05.08-14.49.36:684][  0]LogD3D11RHI:    2. 'Microsoft Basic Render Driver' (Feature Level 11_0)
[2024.05.08-14.49.36:684][  0]LogD3D11RHI:       0/0/8119 MB DedicatedVideo/DedicatedSystem/SharedSystem, Outputs:0, VendorId:0x1414
[2024.05.08-14.49.36:684][  0]LogD3D11RHI: Chosen D3D11 Adapter:
[2024.05.08-14.49.36:684][  0]LogD3D11RHI:     Description : NVIDIA GeForce GTX 1050
[2024.05.08-14.49.36:684][  0]LogD3D11RHI:     VendorId    : 10de
[2024.05.08-14.49.36:684][  0]LogD3D11RHI:     DeviceId    : 1c8d
[2024.05.08-14.49.36:684][  0]LogD3D11RHI:     SubSysId    : 10c11043
[2024.05.08-14.49.36:684][  0]LogD3D11RHI:     Revision    : 00a1
[2024.05.08-14.49.36:684][  0]LogD3D11RHI:     DedicatedVideoMemory : 4215275520 bytes
[2024.05.08-14.49.36:684][  0]LogD3D11RHI:     DedicatedSystemMemory : 0 bytes
[2024.05.08-14.49.36:684][  0]LogD3D11RHI:     SharedSystemMemory : 8513517568 bytes
[2024.05.08-14.49.36:684][  0]LogD3D11RHI:     AdapterLuid : 0 68490
[2024.05.08-14.49.36:696][  0]LogD3D11RHI: Creating new Direct3DDevice
[2024.05.08-14.49.36:696][  0]LogD3D11RHI:     GPU DeviceId: 0x1c8d (for the marketing name, search the web for "GPU Device Id")
[2024.05.08-14.49.36:696][  0]LogWindows: EnumDisplayDevices:
[2024.05.08-14.49.36:697][  0]LogWindows:    0. 'Intel(R) UHD Graphics 630' (P:1 D:1)
[2024.05.08-14.49.36:697][  0]LogWindows:    1. 'Intel(R) UHD Graphics 630' (P:0 D:0)
[2024.05.08-14.49.36:698][  0]LogWindows:    2. 'Intel(R) UHD Graphics 630' (P:0 D:0)
[2024.05.08-14.49.36:698][  0]LogWindows: DebugString: PrimaryIsNotTheChoosenAdapter PrimaryIsNotTheChoosenAdapter PrimaryIsNotTheChoosenAdapter FoundDriverCount:0 
[2024.05.08-14.49.36:698][  0]LogD3D11RHI:     Adapter Name: NVIDIA GeForce GTX 1050
[2024.05.08-14.49.36:698][  0]LogD3D11RHI:   Driver Version: Unknown (internal:Unknown, unified:Unknown)
[2024.05.08-14.49.36:698][  0]LogD3D11RHI:      Driver Date: Unknown
[2024.05.08-14.49.36:698][  0]LogRHI: Texture pool is 2814 MB (70% of 4020 MB)
[2024.05.08-14.49.36:698][  0]LogD3D11RHI: Creating D3DDevice using adapter:
[2024.05.08-14.49.36:698][  0]LogD3D11RHI:     Description : NVIDIA GeForce GTX 1050
[2024.05.08-14.49.36:698][  0]LogD3D11RHI:     VendorId    : 10de
[2024.05.08-14.49.36:698][  0]LogD3D11RHI:     DeviceId    : 1c8d
[2024.05.08-14.49.36:698][  0]LogD3D11RHI:     SubSysId    : 10c11043
[2024.05.08-14.49.36:698][  0]LogD3D11RHI:     Revision    : 00a1
[2024.05.08-14.49.36:698][  0]LogD3D11RHI:     DedicatedVideoMemory : 4215275520 bytes
[2024.05.08-14.49.36:698][  0]LogD3D11RHI:     DedicatedSystemMemory : 0 bytes
[2024.05.08-14.49.36:698][  0]LogD3D11RHI:     SharedSystemMemory : 8513517568 bytes
[2024.05.08-14.49.36:698][  0]LogD3D11RHI:     AdapterLuid : 0 68490
[2024.05.08-14.49.36:781][  0]LogD3D11RHI: RHI has support for 64 bit atomics
[2024.05.08-14.49.36:781][  0]LogD3D11RHI: Async texture creation enabled
[2024.05.08-14.49.36:781][  0]LogD3D11RHI: Array index from any shader is supported
[2024.05.08-14.49.36:802][  0]LogD3D11RHI: GPU Timing Frequency: 1000.000000 (Debug: 2 1)
[2024.05.08-14.49.36:871][  0]LogRHI: GeForceNow SDK initialized: 1
[2024.05.08-14.49.37:386][  0]LogTargetPlatformManager: Display: Loaded TargetPlatform 'AllDesktop'
[2024.05.08-14.49.37:419][  0]LogTargetPlatformManager: Display: Loaded TargetPlatform 'Android'
[2024.05.08-14.49.37:419][  0]LogTargetPlatformManager: Display: Loaded TargetPlatform 'Android_ASTC'
[2024.05.08-14.49.37:419][  0]LogTargetPlatformManager: Display: Loaded TargetPlatform 'Android_DXT'
[2024.05.08-14.49.37:419][  0]LogTargetPlatformManager: Display: Loaded TargetPlatform 'Android_ETC2'
[2024.05.08-14.49.37:419][  0]LogTargetPlatformManager: Display: Loaded TargetPlatform 'AndroidClient'
[2024.05.08-14.49.37:419][  0]LogTargetPlatformManager: Display: Loaded TargetPlatform 'Android_ASTCClient'
[2024.05.08-14.49.37:419][  0]LogTargetPlatformManager: Display: Loaded TargetPlatform 'Android_DXTClient'
[2024.05.08-14.49.37:419][  0]LogTargetPlatformManager: Display: Loaded TargetPlatform 'Android_ETC2Client'
[2024.05.08-14.49.37:419][  0]LogTargetPlatformManager: Display: Loaded TargetPlatform 'Android_Multi'
[2024.05.08-14.49.37:419][  0]LogTargetPlatformManager: Display: Loaded TargetPlatform 'Android_MultiClient'
[2024.05.08-14.49.37:447][  0]LogTargetPlatformManager: Display: Loaded TargetPlatform 'IOSClient'
[2024.05.08-14.49.37:447][  0]LogTargetPlatformManager: Display: Loaded TargetPlatform 'IOS'
[2024.05.08-14.49.37:459][  0]LogTargetPlatformManager: Display: Loaded TargetPlatform 'Linux'
[2024.05.08-14.49.37:467][  0]LogTargetPlatformManager: Display: Loaded TargetPlatform 'LinuxNoEditor'
[2024.05.08-14.49.37:473][  0]LogTargetPlatformManager: Display: Loaded TargetPlatform 'LinuxClient'
[2024.05.08-14.49.37:481][  0]LogTargetPlatformManager: Display: Loaded TargetPlatform 'LinuxServer'
[2024.05.08-14.49.37:495][  0]LogTargetPlatformManager: Display: Loaded TargetPlatform 'LinuxAArch64NoEditor'
[2024.05.08-14.49.37:502][  0]LogTargetPlatformManager: Display: Loaded TargetPlatform 'LinuxAArch64Client'
[2024.05.08-14.49.37:510][  0]LogTargetPlatformManager: Display: Loaded TargetPlatform 'LinuxAArch64Server'
[2024.05.08-14.49.37:544][  0]LogTargetPlatformManager: Display: Loaded TargetPlatform 'Lumin'
[2024.05.08-14.49.37:544][  0]LogTargetPlatformManager: Display: Loaded TargetPlatform 'LuminClient'
[2024.05.08-14.49.37:557][  0]LogTargetPlatformManager: Display: Loaded TargetPlatform 'MacNoEditor'
[2024.05.08-14.49.37:566][  0]LogTargetPlatformManager: Display: Loaded TargetPlatform 'Mac'
[2024.05.08-14.49.37:574][  0]LogTargetPlatformManager: Display: Loaded TargetPlatform 'MacClient'
[2024.05.08-14.49.37:580][  0]LogTargetPlatformManager: Display: Loaded TargetPlatform 'MacServer'
[2024.05.08-14.49.37:595][  0]LogTargetPlatformManager: Display: Loaded TargetPlatform 'TVOSClient'
[2024.05.08-14.49.37:595][  0]LogTargetPlatformManager: Display: Loaded TargetPlatform 'TVOS'
[2024.05.08-14.49.37:610][  0]LogTargetPlatformManager: Display: Loaded TargetPlatform 'WindowsNoEditor'
[2024.05.08-14.49.37:619][  0]LogTargetPlatformManager: Display: Loaded TargetPlatform 'Windows'
[2024.05.08-14.49.37:627][  0]LogTargetPlatformManager: Display: Loaded TargetPlatform 'WindowsClient'
[2024.05.08-14.49.37:636][  0]LogTargetPlatformManager: Display: Loaded TargetPlatform 'WindowsServer'
[2024.05.08-14.49.37:636][  0]LogTargetPlatformManager: Display: Building Assets For Windows
[2024.05.08-14.49.37:653][  0]LogAudioDebug: Display: Lib vorbis DLL was dynamically loaded.
[2024.05.08-14.49.37:706][  0]LogTextureFormatOodle: Display: Oodle Texture 2.9.0 init RDO Off
[2024.05.08-14.49.37:764][  0]LogRendererCore: Ray tracing is disabled. Reason: r.RayTracing=0.
[2024.05.08-14.49.37:764][  0]LogShaderCompilers: Guid format shader working directory is 11 characters bigger than the processId version (../../../../../../UnrealCUDAPlugin/Intermediate/Shaders/WorkingDirectory/32828/).
[2024.05.08-14.49.37:765][  0]LogShaderCompilers: Cleaned the shader compiler working directory 'C:/Users/Lucía/AppData/Local/Temp/UnrealShaderWorkingDir/DE514197496D40135D4F71A7BAD8F193/'.
[2024.05.08-14.49.37:765][  0]LogXGEController: Cannot use XGE Controller as Incredibuild is not installed on this machine.
[2024.05.08-14.49.37:765][  0]LogShaderCompilers: Cannot use XGE Shader Compiler as Incredibuild is not installed on this machine.
[2024.05.08-14.49.37:765][  0]LogShaderCompilers: Display: Using Local Shader Compiler.
[2024.05.08-14.49.38:893][  0]LogDerivedDataCache: Display: Max Cache Size: 512 MB
[2024.05.08-14.49.38:985][  0]LogDerivedDataCache: Loaded boot cache 0.09s 94MB C:/Users/Lucía/AppData/Local/UnrealEngine/4.27/DerivedDataCache/Boot.ddc.
[2024.05.08-14.49.38:985][  0]LogDerivedDataCache: Display: Loaded Boot cache: C:/Users/Lucía/AppData/Local/UnrealEngine/4.27/DerivedDataCache/Boot.ddc
[2024.05.08-14.49.38:985][  0]LogDerivedDataCache: FDerivedDataBackendGraph:  Pak pak cache file ../../../../../../UnrealCUDAPlugin/DerivedDataCache/DDC.ddp not found, will not use a pak cache.
[2024.05.08-14.49.38:985][  0]LogDerivedDataCache: Unable to find inner node Pak for hierarchical cache Hierarchy.
[2024.05.08-14.49.38:986][  0]LogDerivedDataCache: FDerivedDataBackendGraph:  CompressedPak pak cache file ../../../../../../UnrealCUDAPlugin/DerivedDataCache/Compressed.ddp not found, will not use a pak cache.
[2024.05.08-14.49.38:986][  0]LogDerivedDataCache: Unable to find inner node CompressedPak for hierarchical cache Hierarchy.
[2024.05.08-14.49.39:012][  0]LogDerivedDataCache: Display: Pak cache opened for reading ../../../Engine/DerivedDataCache/Compressed.ddp.
[2024.05.08-14.49.39:013][  0]LogDerivedDataCache: FDerivedDataBackendGraph:  EnterprisePak pak cache file ../../../Enterprise/DerivedDataCache/Compressed.ddp not found, will not use a pak cache.
[2024.05.08-14.49.39:013][  0]LogDerivedDataCache: Unable to find inner node EnterprisePak for hierarchical cache Hierarchy.
[2024.05.08-14.49.39:026][  0]LogDerivedDataCache: Speed tests for C:/Users/Lucía/AppData/Local/UnrealEngine/Common/DerivedDataCache took 0.01 seconds
[2024.05.08-14.49.39:026][  0]LogDerivedDataCache: Display: Performance to C:/Users/Lucía/AppData/Local/UnrealEngine/Common/DerivedDataCache: Latency=0.05ms. RandomReadSpeed=796.03MBs, RandomWriteSpeed=84.04MBs. Assigned SpeedClass 'Local'
[2024.05.08-14.49.39:027][  0]LogDerivedDataCache: Using Local data cache path C:/Users/Lucía/AppData/Local/UnrealEngine/Common/DerivedDataCache: Writable
[2024.05.08-14.49.39:027][  0]LogDerivedDataCache: Shared data cache path not found in *engine.ini, will not use an Shared cache.
[2024.05.08-14.49.39:027][  0]LogDerivedDataCache: Unable to find inner node Shared for hierarchical cache Hierarchy.
[2024.05.08-14.49.39:116][  0]LogSlate: Using FreeType 2.10.0
[2024.05.08-14.49.39:117][  0]LogSlate: SlateFontServices - WITH_FREETYPE: 1, WITH_HARFBUZZ: 1
[2024.05.08-14.49.39:166][  0]LogAssetRegistry: FAssetRegistry took 0.0039 seconds to start up
[2024.05.08-14.49.39:763][  0]LogInit: Selected Device Profile: [Windows]
[2024.05.08-14.49.39:763][  0]LogInit: Active device profile: [0000027D4405AA00][0000027D45070B40 49] Windows
[2024.05.08-14.49.39:763][  0]LogInit: Profiles: [0000027D4405AA00][0000027D45070B40 49] Windows, [0000027D44019800][0000027D45082CC0 49] WindowsNoEditor, [0000027D44059800][0000027D45092E40 49] WindowsServer, [0000027D4401AB00][0000027D450A6FC0 49] WindowsClient, [0000027D4405AD00][0000027D450C3140 49] IOS, [0000027D44019700][0000027D451212C0 49] iPadAir, [0000027D44059600][0000027D45141440 49] iPadAir2, [0000027D43F3B300][0000027D4514F700 49] IPadPro, [0000027D43F3B400][0000027D45145740 49] iPadAir3, [0000027D4405AF00][0000027D4515D8C0 49] iPadAir4, [0000027D43F39D00][0000027D45165A40 49] iPadMini2, [0000027D44059C00][0000027D45169BC0 49] iPadMini3, [0000027D43F3B900][0000027D4516C1C0 49] iPadMini4, [0000027D44059E00][0000027D45170340 49] iPadMini5, [0000027D43F8EC00][0000027D450745C0 49] iPhone6, [0000027D43F8ED00][0000027D45174600 49] iPodTouch6, [0000027D43F38D00][0000027D4525E840 49] iPhone7, [0000027D43F38C00][0000027D4525A880 49] iPodTouch7, [0000027D43F8DC00][0000027D452629C0 49] iPhone5S, [0000027D43F39300][0000027D4526AB40 49] iPhone6Plus, [0000027D43F8F300][0000027D4526ECC0 49] iPhone6S, [0000027D43F38A00][0000027D45272E40 49] iPhone6SPlus, [0000027D43F8F000][0000027D45276FC0 49] iPhone7Plus, [0000027D43F39600][0000027D4527B140 49] iPhoneSE, [0000027D43F8DD00][0000027D4527F2C0 49] iPhone8, [0000027D43F3A400][0000027D45283440 49] iPhone8Plus, [0000027D43F8D900][0000027D452875C0 49] iPhoneX, [0000027D43F3B700][0000027D4528B740 49] iPhoneXS, [0000027D43F8EE00][0000027D4528F8C0 49] iPhoneXSMax, [0000027D43F39E00][0000027D452B1A40 49] iPhoneXR, [0000027D43F8F400][0000027D452B5BC0 49] iPhone11, [0000027D43F3BA00][0000027D452B81C0 49] iPhone11Pro, [0000027D43F8D100][0000027D452BC340 49] iPhone11ProMax, [0000027D43F3AB00][0000027D452C04C0 49] iPhoneSE2, [0000027D43F8FF00][0000027D452C4640 49] iPhone12Mini, [0000027D43F38E00][0000027D45266780 49] iPhone12, [0000027D43F8CC00][0000027D452C88C0 49] iPhone12Pro, [0000027D43F3B200][0000027D452CCA00 49] iPhone12ProMax, [0000027D43F8FE00][0000027D452D0B40 49] iPadPro105, [0000027D43F39700][0000027D452D8CC0 49] iPadPro129, [0000027D43F8C900][0000027D452DCE40 49] iPadPro97, [0000027D43F3A100][0000027D45BB2FC0 49] iPadPro2_129, [0000027D43F8FD00][0000027D45BB7140 49] iPad5, [0000027D43F39B00][0000027D45BBB2C0 49] iPad6, [0000027D43F8C300][0000027D45BC7440 49] iPad7, [0000027D43F39200][0000027D45C795C0 49] iPad8, [0000027D43F8E000][0000027D45C81740 49] iPadPro11, [0000027D43F3B000][0000027D45CC78C0 49] iPadPro2_11, [0000027D43F8C200][0000027D45CCBA40 49] iPadPro3_129, [0000027D4401A400][0000027D45CCFBC0 49] iPadPro4_129, [0000027D44190400][0000027D45CD21C0 49] AppleTV, [0000027D4401B300][0000027D45CD6340 49] AppleTV4K, [0000027D44190200][0000027D45CDA4C0 49] TVOS, [0000027D4401A600][0000027D45CDE640 49] Mac, [0000027D44191500][0000027D45CE27C0 49] MacClient, [0000027D44018600][0000027D45CE6940 49] MacNoEditor, [0000027D44190900][0000027D452D4A80 49] MacServer, [0000027D4401B900][0000027D45CEABC0 49] Linux, [0000027D44190F00][0000027D45CEED00 49] LinuxAArch64, [0000027D4401A000][0000027D45CF6E80 49] LinuxNoEditor, [0000027D44191B00][0000027D45CFB000 49] LinuxAArch64NoEditor, [0000027D4401AF00][0000027D45CFF180 49] LinuxClient, [0000027D44191800][0000027D45D03300 49] LinuxAArch64Client, [0000027D43F8F600][0000027D45D07480 49] LinuxServer, [0000027D43F3AD00][0000027D45D0F600 49] LinuxAArch64Server, [0000027D43F8C600][0000027D45D27780 49] Android, [0000027D43F3AA00][0000027D45D3F900 49] Android_Low, [0000027D43F8CB00][0000027D45DBFA80 49] Android_Mid, [0000027D43F3A500][0000027D45DC3C00 49] Android_High, [0000027D43F8D200][0000027D45DC6200 49] Android_Default, [0000027D43F38900][0000027D45DCA380 49] Android_Adreno4xx, [0000027D43F8EA00][0000027D45DCE500 49] Android_Adreno5xx_Low, [0000027D43F3B100][0000027D45DD2680 49] Android_Adreno5xx, [0000027D43F8CD00][0000027D45DD6800 49] Android_Adreno6xx, [0000027D43F39000][0000027D22EA2980 49] Android_Adreno6xx_Vulkan, [0000027D43F8DB00][0000027D22EA6B00 49] Android_Mali_T6xx, [0000027D43F38B00][0000027D45CF2C40 49] Android_Mali_T7xx, [0000027D43F8E400][0000027D22EAAD80 49] Android_Mali_T8xx, [0000027D43F3A300][0000027D22EAEEC0 49] Android_Mali_G71, [0000027D43F8CA00][0000027D22EB7040 49] Android_Mali_G72, [0000027D43F3BD00][0000027D22EBB1C0 49] Android_Mali_G72_Vulkan, [0000027D43F8D400][0000027D22EBF340 49] Android_Mali_G76, [0000027D43F3BC00][0000027D22EC34C0 49] Android_Mali_G76_Vulkan, [0000027D43F8DE00][0000027D22EC7640 49] Android_Mali_G77, [0000027D43F3A200][0000027D22ECB7C0 49] Android_Mali_G77_Vulkan, [0000027D43F8F800][0000027D3C685940 49] Android_Mali_G78, [0000027D43F38100][0000027D3C689AC0 49] Android_Mali_G78_Vulkan, [0000027D43F8CF00][0000027D3C68C0C0 49] Android_Mali_G710, [0000027D43F39100][0000027D3C690240 49] Android_Mali_G710_Vulkan, [0000027D44190600][0000027D3C6943C0 49] Android_Vulkan_SM5, [0000027D43F39400][0000027D3C698540 49] Android_PowerVR_G6xxx, [0000027D44191200][0000027D3C69C6C0 49] Android_PowerVR_GT7xxx, [0000027D43F39F00][0000027D3C6A0840 49] Android_PowerVR_GE8xxx, [0000027D44191100][0000027D3C6A49C0 49] Android_PowerVR_GM9xxx, [0000027D43F3A700][0000027D3C6A8B40 49] Android_PowerVR_GM9xxx_Vulkan, [0000027D4405A700][0000027D3C6ACCC0 49] Android_TegraK1, [0000027D4401BD00][0000027D22EB2E00 49] Android_Unknown_Vulkan, [0000027D44059D00][0000027D3C6B0F40 49] Lumin, [0000027D44019E00][0000027D3C6B5080 49] Lumin_Desktop, [0000027D4405A100][0000027D3C6B91C0 49] HoloLens, 
[2024.05.08-14.49.40:091][  0]LogMeshReduction: Using QuadricMeshReduction for automatic static mesh reduction
[2024.05.08-14.49.40:091][  0]LogMeshReduction: Using SimplygonMeshReduction for automatic skeletal mesh reduction
[2024.05.08-14.49.40:091][  0]LogMeshReduction: Using ProxyLODMeshReduction for automatic mesh merging
[2024.05.08-14.49.40:091][  0]LogMeshReduction: No distributed automatic mesh merging module available
[2024.05.08-14.49.40:091][  0]LogMeshMerging: No distributed automatic mesh merging module available
[2024.05.08-14.49.40:124][  0]LogNetVersion: UnrealCUDAPlugin 1.0.0, NetCL: 17155196, EngineNetVer: 17, GameNetVer: 0 (Checksum: 2350625206)
[2024.05.08-14.49.41:050][  0]LogTexture: Default maximum texture size for cubemaps generated from long-lat sources has been changed from 512 to unlimited. In order to preserve old behaiour for '/Engine/MapTemplates/Sky/DaylightAmbientCubemap.DaylightAmbientCubemap', its maximum texture size has been explicitly set to 512.
[2024.05.08-14.49.41:179][  0]LogHMD: PokeAHoleMaterial loaded successfully
[2024.05.08-14.49.41:191][  0]LogUObjectArray: 17178 objects as part of root set at end of initial load.
[2024.05.08-14.49.41:191][  0]LogUObjectAllocator: 4302048 out of 0 bytes used by permanent object pool.
[2024.05.08-14.49.41:191][  0]LogUObjectArray: CloseDisregardForGC: 0/0 objects in disregard for GC pool
[2024.05.08-14.49.41:903][  0]LogPython: Using Python 3.7.7
[2024.05.08-14.49.42:929][  0]LogNiagaraDebuggerClient: Niagara Debugger Client Initialized | Session: D77B814342936439303508B21F6A4154 | Instance: 6DF21B1A4553EE0FD4CBFF8300A4E9C0 (LAPTOP-I4ERUUB4-32828).
[2024.05.08-14.49.43:988][  0]LogUdpMessaging: Initializing bridge on interface 0.0.0.0:0 to multicast group 230.0.0.1:6666.
[2024.05.08-14.49.44:001][  0]LogTcpMessaging: Initializing TcpMessaging bridge
[2024.05.08-14.49.44:377][  0]SourceControl: Source control is disabled
[2024.05.08-14.49.44:377][  0]SourceControl: Source control is disabled
[2024.05.08-14.49.44:383][  0]SourceControl: Source control is disabled
[2024.05.08-14.49.44:388][  0]SourceControl: Source control is disabled
[2024.05.08-14.49.44:417][  0]SourceControl: Source control is disabled
[2024.05.08-14.49.44:434][  0]LogUProjectInfo: Found projects:
[2024.05.08-14.49.44:884][  0]LogOpenImageDenoise: OIDN starting up
[2024.05.08-14.49.44:978][  0]LogAndroidPermission: UAndroidPermissionCallbackProxy::GetInstance
[2024.05.08-14.49.45:027][  0]LogAudioCaptureCore: Display: No Audio Capture implementations found. Audio input will be silent.
[2024.05.08-14.49.45:028][  0]LogAudioCaptureCore: Display: No Audio Capture implementations found. Audio input will be silent.
[2024.05.08-14.49.45:303][  0]LogCollectionManager: Loaded 0 collections in 0.001360 seconds
[2024.05.08-14.49.45:369][  0]LogFileCache: Scanning file cache for directory 'D:/UnrealCUDAPlugin/Saved/Collections/' took 0.00s
[2024.05.08-14.49.45:369][  0]LogFileCache: Scanning file cache for directory 'D:/UnrealCUDAPlugin/Content/Developers/Lucía/Collections/' took 0.00s
[2024.05.08-14.49.45:369][  0]LogFileCache: Scanning file cache for directory 'D:/UnrealCUDAPlugin/Content/Collections/' took 0.00s
[2024.05.08-14.49.45:369][  0]LogOcInput: OculusInput pre-init called
[2024.05.08-14.49.45:902][  0]LogEngine: Initializing Engine...
[2024.05.08-14.49.45:908][  0]LogHMD: Failed to enumerate extensions. Please check that you have a valid OpenXR runtime installed.
[2024.05.08-14.49.45:909][  0]LogHMD: Failed to initialize OpenVR with code 110
[2024.05.08-14.49.45:909][  0]LogMagicLeap: Warning: VR disabled because ZI is not enabled.  To enable, in the editor, Edit -> Project Settings -> Plugins -> Magic Leap Plugin -> Enable Zero Iteration
[2024.05.08-14.49.45:910][  0]LogStats: UGameplayTagsManager::InitializeManager -  0.000 s
[2024.05.08-14.49.46:175][  0]LogInit: Initializing FReadOnlyCVARCache
[2024.05.08-14.49.46:186][  0]LogAIModule: Creating AISystem for world Untitled
[2024.05.08-14.49.46:186][  0]LogAudio: Display: Initializing Audio Device Manager...
[2024.05.08-14.49.46:193][  0]LogAudio: Display: Loading Default Audio Settings Objects...
[2024.05.08-14.49.46:194][  0]LogAudio: Display: No default SoundConcurrencyObject specified (or failed to load).
[2024.05.08-14.49.46:195][  0]LogAudio: Display: Audio Device Manager Initialized
[2024.05.08-14.49.46:195][  0]LogAudio: Display: Creating Audio Device:                 Id: 1, Scope: Shared, Realtime: True
[2024.05.08-14.49.46:195][  0]LogAudioMixer: Display: Audio Mixer Platform Settings:
[2024.05.08-14.49.46:195][  0]LogAudioMixer: Display: 	Sample Rate:						  48000
[2024.05.08-14.49.46:195][  0]LogAudioMixer: Display: 	Callback Buffer Frame Size Requested: 1024
[2024.05.08-14.49.46:195][  0]LogAudioMixer: Display: 	Callback Buffer Frame Size To Use:	  1024
[2024.05.08-14.49.46:195][  0]LogAudioMixer: Display: 	Number of buffers to queue:			  2
[2024.05.08-14.49.46:195][  0]LogAudioMixer: Display: 	Max Channels (voices):				  32
[2024.05.08-14.49.46:195][  0]LogAudioMixer: Display: 	Number of Async Source Workers:		  0
[2024.05.08-14.49.46:195][  0]LogAudio: Display: AudioDevice MaxSources: 32
[2024.05.08-14.49.46:195][  0]LogAudio: Display: Audio Spatialization Plugin: None (built-in).
[2024.05.08-14.49.46:195][  0]LogAudio: Display: Audio Reverb Plugin: None (built-in).
[2024.05.08-14.49.46:195][  0]LogAudio: Display: Audio Occlusion Plugin: None (built-in).
[2024.05.08-14.49.46:195][  0]LogAudioMixer: Display: Initializing audio mixer.
[2024.05.08-14.49.46:218][  0]LogAudioMixer: Display: 0: FrontLeft
[2024.05.08-14.49.46:218][  0]LogAudioMixer: Display: 1: FrontRight
[2024.05.08-14.49.46:387][  0]LogAudioMixer: Display: Using Audio Device Speakers (Realtek High Definition Audio)
[2024.05.08-14.49.46:395][  0]LogAudioMixer: Display: Initializing Sound Submixes...
[2024.05.08-14.49.46:398][  0]LogAudioMixer: Display: Creating Master Submix 'MasterSubmixDefault'
[2024.05.08-14.49.46:398][  0]LogAudioMixer: Display: Creating Master Submix 'MasterReverbSubmixDefault'
[2024.05.08-14.49.46:400][  0]LogAudioMixer: Display: Creating Master Submix 'MasterEQSubmixDefault'
[2024.05.08-14.49.46:400][  0]LogAudioMixer: FMixerPlatformXAudio2::StartAudioStream() called
[2024.05.08-14.49.46:400][  0]LogAudioMixer: Display: Output buffers initialized: Frames=1024, Channels=2, Samples=2048
[2024.05.08-14.49.46:401][  0]LogAudioMixer: Display: Starting AudioMixerPlatformInterface::RunInternal()
[2024.05.08-14.49.46:401][  0]LogAudioMixer: Display: FMixerPlatformXAudio2::SubmitBuffer() called for the first time
[2024.05.08-14.49.46:401][  0]LogInit: FAudioDevice initialized.
[2024.05.08-14.49.46:401][  0]LogAudio: Display: Audio Device (ID: 1) registered with world 'Untitled'.
[2024.05.08-14.49.46:401][  0]LogNetVersion: Set ProjectVersion to 1.0.0.0. Version Checksum will be recalculated on next use.
[2024.05.08-14.49.46:556][  0]LogDerivedDataCache: Saved boot cache 0.15s 94MB C:/Users/Lucía/AppData/Local/UnrealEngine/4.27/DerivedDataCache/Boot.ddc.
[2024.05.08-14.49.46:557][  0]LogInit: Texture streaming: Enabled
[2024.05.08-14.49.46:576][  0]LogAnalytics: Display: [UEEditor.Rocket.Release] APIServer = https://datarouter.ol.epicgames.com/. AppVersion = 4.27.2-18319896+++UE4+Release-4.27
[2024.05.08-14.49.46:581][  0]LogEngineSessionManager: EngineSessionManager initialized
[2024.05.08-14.49.46:581][  0]LogEditorSessionSummary: Verbose: Initializing EditorSessionSummaryWriter for editor session tracking
[2024.05.08-14.49.46:583][  0]LogEditorSessionSummary: EditorSessionSummaryWriter initialized
[2024.05.08-14.49.46:609][  0]LogInit: Transaction tracking system initialized
[2024.05.08-14.49.46:641][  0]BlueprintLog: New page: Editor Load
[2024.05.08-14.49.46:951][  0]LocalizationService: Localization service is disabled
[2024.05.08-14.49.46:989][  0]TimingProfiler: Initialize
[2024.05.08-14.49.46:990][  0]TimingProfiler: OnSessionChanged
[2024.05.08-14.49.46:990][  0]LoadingProfiler: Initialize
[2024.05.08-14.49.46:990][  0]LoadingProfiler: OnSessionChanged
[2024.05.08-14.49.46:990][  0]NetworkingProfiler: Initialize
[2024.05.08-14.49.46:990][  0]NetworkingProfiler: OnSessionChanged
[2024.05.08-14.49.46:990][  0]MemoryProfiler: Initialize
[2024.05.08-14.49.46:990][  0]MemoryProfiler: OnSessionChanged
[2024.05.08-14.49.47:248][  0]LogCook: Display: CookSettings for Memory: MemoryMaxUsedVirtual 0MiB, MemoryMaxUsedPhysical 16384MiB, MemoryMinFreeVirtual 0MiB, MemoryMinFreePhysical 1024MiB
[2024.05.08-14.49.47:249][  0]LogCook: Display: Mobile HDR setting 1
[2024.05.08-14.49.47:601][  0]LogFileCache: Scanning file cache for directory 'D:/UnrealCUDAPlugin/Content/' took 0.00s
[2024.05.08-14.49.47:971][  0]LogInit: Display: Engine is initialized. Leaving FEngineLoop::Init()
[2024.05.08-14.49.47:979][  0]SourceControl: Source control is disabled
[2024.05.08-14.49.47:979][  0]LogUnrealEdMisc: Loading editor; pre map load, took 15.085
[2024.05.08-14.49.47:979][  0]Cmd: MAP LOAD FILE="../../../Engine/Content/Maps/Templates/Template_Default.umap" TEMPLATE=1 SHOWPROGRESS=1 FEATURELEVEL=3
[2024.05.08-14.49.47:980][  0]LightingResults: New page: Lighting Build
[2024.05.08-14.49.47:982][  0]LogWorld: UWorld::CleanupWorld for Untitled, bSessionEnded=true, bCleanupResources=true
[2024.05.08-14.49.47:982][  0]LogSlate: InvalidateAllWidgets triggered.  All widgets were invalidated
[2024.05.08-14.49.47:982][  0]MapCheck: New page: Map Check
[2024.05.08-14.49.47:982][  0]LightingResults: New page: Lighting Build
[2024.05.08-14.49.47:990][  0]LogAudio: Display: Audio Device unregistered from world 'None'.
[2024.05.08-14.49.47:994][  0]LogUObjectHash: Compacting FUObjectHashTables data took   1.37ms
[2024.05.08-14.49.48:090][  0]LogAudio: Display: Audio Device (ID: 1) registered with world 'Untitled_1'.
[2024.05.08-14.49.48:091][  0]LogAIModule: Creating AISystem for world Untitled_1
[2024.05.08-14.49.48:097][  0]LogEditorServer: Finished looking for orphan Actors (0.000 secs)
[2024.05.08-14.49.48:109][  0]LogUObjectHash: Compacting FUObjectHashTables data took   1.54ms
[2024.05.08-14.49.48:109][  0]Cmd: MAP CHECKDEP NOCLEARLOG
[2024.05.08-14.49.48:109][  0]MapCheck: Map check complete: 0 Error(s), 0 Warning(s), took 0,133ms to complete.
[2024.05.08-14.49.48:109][  0]LogFileHelpers: Loading map 'Template_Default' took 0.130
[2024.05.08-14.49.48:114][  0]LogUnrealEdMisc: Total Editor Startup Time, took 15.219
[2024.05.08-14.49.48:271][  0]LogSlate: Updating window title bar state: overlay mode, drag disabled, window buttons hidden, title bar hidden
[2024.05.08-14.49.48:279][  0]LogSlate: Updating window title bar state: overlay mode, drag disabled, window buttons hidden, title bar hidden
[2024.05.08-14.49.48:290][  0]LogSlate: Updating window title bar state: overlay mode, drag disabled, window buttons hidden, title bar hidden
[2024.05.08-14.49.48:299][  0]LogSlate: Updating window title bar state: overlay mode, drag disabled, window buttons hidden, title bar hidden
[2024.05.08-14.49.48:322][  0]LogNativeClassHierarchy: Verbose: Native class hierarchy populated in 0.0132 seconds. Added 3823 classes and 930 folders.
[2024.05.08-14.49.48:324][  0]LogNativeClassHierarchy: Verbose: Native class hierarchy updated for 'WidgetCarousel' in 0.0004 seconds. Added 0 classes and 0 folders.
[2024.05.08-14.49.48:328][  0]LogPakFile: PakFile PrimaryIndexSize=187
[2024.05.08-14.49.48:328][  0]LogPakFile: PakFile PathHashIndexSize=101
[2024.05.08-14.49.48:328][  0]LogPakFile: PakFile FullDirectoryIndexSize=148
[2024.05.08-14.49.48:328][  0]LogShaderLibrary: Display: ShaderCodeLibraryPakFileMountedCallback: PakFile 'D:/Program Files/Epic Games/UE_4.27/FeaturePacks/FP_FirstPerson.upack' (chunk index -1, root 'root:/') mounted
[2024.05.08-14.49.48:328][  0]LogShaderLibrary: Display: ShaderCodeLibraryPakFileMountedCallback: pending pak file info (ChunkID:-1 Root:root:/ File:D:/Program Files/Epic Games/UE_4.27/FeaturePacks/FP_FirstPerson.upack)
[2024.05.08-14.49.48:328][  0]LogPakFile: OnPakFileMounted2Time == 0.000075
[2024.05.08-14.49.48:329][  0]LogPakFile: PakFile PrimaryIndexSize=189
[2024.05.08-14.49.48:329][  0]LogPakFile: PakFile PathHashIndexSize=101
[2024.05.08-14.49.48:329][  0]LogPakFile: PakFile FullDirectoryIndexSize=152
[2024.05.08-14.49.48:329][  0]LogShaderLibrary: Display: ShaderCodeLibraryPakFileMountedCallback: PakFile 'D:/Program Files/Epic Games/UE_4.27/FeaturePacks/FP_FirstPersonBP.upack' (chunk index -1, root 'root:/') mounted
[2024.05.08-14.49.48:329][  0]LogShaderLibrary: Display: ShaderCodeLibraryPakFileMountedCallback: pending pak file info (ChunkID:-1 Root:root:/ File:D:/Program Files/Epic Games/UE_4.27/FeaturePacks/FP_FirstPersonBP.upack)
[2024.05.08-14.49.48:329][  0]LogPakFile: OnPakFileMounted2Time == 0.000056
[2024.05.08-14.49.48:330][  0]LogPakFile: PakFile PrimaryIndexSize=191
[2024.05.08-14.49.48:330][  0]LogPakFile: PakFile PathHashIndexSize=101
[2024.05.08-14.49.48:330][  0]LogPakFile: PakFile FullDirectoryIndexSize=160
[2024.05.08-14.49.48:330][  0]LogShaderLibrary: Display: ShaderCodeLibraryPakFileMountedCallback: PakFile 'D:/Program Files/Epic Games/UE_4.27/FeaturePacks/MobileStarterContent.upack' (chunk index -1, root 'root:/') mounted
[2024.05.08-14.49.48:330][  0]LogShaderLibrary: Display: ShaderCodeLibraryPakFileMountedCallback: pending pak file info (ChunkID:-1 Root:root:/ File:D:/Program Files/Epic Games/UE_4.27/FeaturePacks/MobileStarterContent.upack)
[2024.05.08-14.49.48:330][  0]LogPakFile: OnPakFileMounted2Time == 0.000045
[2024.05.08-14.49.48:331][  0]LogPakFile: PakFile PrimaryIndexSize=185
[2024.05.08-14.49.48:331][  0]LogPakFile: PakFile PathHashIndexSize=101
[2024.05.08-14.49.48:331][  0]LogPakFile: PakFile FullDirectoryIndexSize=148
[2024.05.08-14.49.48:331][  0]LogShaderLibrary: Display: ShaderCodeLibraryPakFileMountedCallback: PakFile 'D:/Program Files/Epic Games/UE_4.27/FeaturePacks/StarterContent.upack' (chunk index -1, root 'root:/') mounted
[2024.05.08-14.49.48:331][  0]LogShaderLibrary: Display: ShaderCodeLibraryPakFileMountedCallback: pending pak file info (ChunkID:-1 Root:root:/ File:D:/Program Files/Epic Games/UE_4.27/FeaturePacks/StarterContent.upack)
[2024.05.08-14.49.48:331][  0]LogPakFile: OnPakFileMounted2Time == 0.000050
[2024.05.08-14.49.48:332][  0]LogPakFile: PakFile PrimaryIndexSize=190
[2024.05.08-14.49.48:332][  0]LogPakFile: PakFile PathHashIndexSize=101
[2024.05.08-14.49.48:332][  0]LogPakFile: PakFile FullDirectoryIndexSize=154
[2024.05.08-14.49.48:332][  0]LogShaderLibrary: Display: ShaderCodeLibraryPakFileMountedCallback: PakFile 'D:/Program Files/Epic Games/UE_4.27/FeaturePacks/TP_2DSideScroller.upack' (chunk index -1, root 'root:/') mounted
[2024.05.08-14.49.48:332][  0]LogShaderLibrary: Display: ShaderCodeLibraryPakFileMountedCallback: pending pak file info (ChunkID:-1 Root:root:/ File:D:/Program Files/Epic Games/UE_4.27/FeaturePacks/TP_2DSideScroller.upack)
[2024.05.08-14.49.48:332][  0]LogPakFile: OnPakFileMounted2Time == 0.000047
[2024.05.08-14.49.48:333][  0]LogPakFile: PakFile PrimaryIndexSize=192
[2024.05.08-14.49.48:333][  0]LogPakFile: PakFile PathHashIndexSize=101
[2024.05.08-14.49.48:333][  0]LogPakFile: PakFile FullDirectoryIndexSize=158
[2024.05.08-14.49.48:333][  0]LogShaderLibrary: Display: ShaderCodeLibraryPakFileMountedCallback: PakFile 'D:/Program Files/Epic Games/UE_4.27/FeaturePacks/TP_2DSideScrollerBP.upack' (chunk index -1, root 'root:/') mounted
[2024.05.08-14.49.48:333][  0]LogShaderLibrary: Display: ShaderCodeLibraryPakFileMountedCallback: pending pak file info (ChunkID:-1 Root:root:/ File:D:/Program Files/Epic Games/UE_4.27/FeaturePacks/TP_2DSideScrollerBP.upack)
[2024.05.08-14.49.48:334][  0]LogPakFile: OnPakFileMounted2Time == 0.000054
[2024.05.08-14.49.48:335][  0]LogPakFile: PakFile PrimaryIndexSize=182
[2024.05.08-14.49.48:335][  0]LogPakFile: PakFile PathHashIndexSize=101
[2024.05.08-14.49.48:335][  0]LogPakFile: PakFile FullDirectoryIndexSize=138
[2024.05.08-14.49.48:335][  0]LogShaderLibrary: Display: ShaderCodeLibraryPakFileMountedCallback: PakFile 'D:/Program Files/Epic Games/UE_4.27/FeaturePacks/TP_Flying.upack' (chunk index -1, root 'root:/') mounted
[2024.05.08-14.49.48:335][  0]LogShaderLibrary: Display: ShaderCodeLibraryPakFileMountedCallback: pending pak file info (ChunkID:-1 Root:root:/ File:D:/Program Files/Epic Games/UE_4.27/FeaturePacks/TP_Flying.upack)
[2024.05.08-14.49.48:335][  0]LogPakFile: OnPakFileMounted2Time == 0.000047
[2024.05.08-14.49.48:335][  0]LogPakFile: PakFile PrimaryIndexSize=184
[2024.05.08-14.49.48:335][  0]LogPakFile: PakFile PathHashIndexSize=101
[2024.05.08-14.49.48:335][  0]LogPakFile: PakFile FullDirectoryIndexSize=142
[2024.05.08-14.49.48:335][  0]LogShaderLibrary: Display: ShaderCodeLibraryPakFileMountedCallback: PakFile 'D:/Program Files/Epic Games/UE_4.27/FeaturePacks/TP_FlyingBP.upack' (chunk index -1, root 'root:/') mounted
[2024.05.08-14.49.48:335][  0]LogShaderLibrary: Display: ShaderCodeLibraryPakFileMountedCallback: pending pak file info (ChunkID:-1 Root:root:/ File:D:/Program Files/Epic Games/UE_4.27/FeaturePacks/TP_FlyingBP.upack)
[2024.05.08-14.49.48:335][  0]LogPakFile: OnPakFileMounted2Time == 0.000048
[2024.05.08-14.49.48:336][  0]LogPakFile: PakFile PrimaryIndexSize=188
[2024.05.08-14.49.48:336][  0]LogPakFile: PakFile PathHashIndexSize=101
[2024.05.08-14.49.48:336][  0]LogPakFile: PakFile FullDirectoryIndexSize=150
[2024.05.08-14.49.48:336][  0]LogShaderLibrary: Display: ShaderCodeLibraryPakFileMountedCallback: PakFile 'D:/Program Files/Epic Games/UE_4.27/FeaturePacks/TP_HandheldARBP.upack' (chunk index -1, root 'root:/') mounted
[2024.05.08-14.49.48:336][  0]LogShaderLibrary: Display: ShaderCodeLibraryPakFileMountedCallback: pending pak file info (ChunkID:-1 Root:root:/ File:D:/Program Files/Epic Games/UE_4.27/FeaturePacks/TP_HandheldARBP.upack)
[2024.05.08-14.49.48:336][  0]LogPakFile: OnPakFileMounted2Time == 0.000066
[2024.05.08-14.49.48:338][  0]LogPakFile: PakFile PrimaryIndexSize=182
[2024.05.08-14.49.48:338][  0]LogPakFile: PakFile PathHashIndexSize=101
[2024.05.08-14.49.48:338][  0]LogPakFile: PakFile FullDirectoryIndexSize=138
[2024.05.08-14.49.48:338][  0]LogShaderLibrary: Display: ShaderCodeLibraryPakFileMountedCallback: PakFile 'D:/Program Files/Epic Games/UE_4.27/FeaturePacks/TP_Puzzle.upack' (chunk index -1, root 'root:/') mounted
[2024.05.08-14.49.48:338][  0]LogShaderLibrary: Display: ShaderCodeLibraryPakFileMountedCallback: pending pak file info (ChunkID:-1 Root:root:/ File:D:/Program Files/Epic Games/UE_4.27/FeaturePacks/TP_Puzzle.upack)
[2024.05.08-14.49.48:338][  0]LogPakFile: OnPakFileMounted2Time == 0.000071
[2024.05.08-14.49.48:340][  0]LogPakFile: PakFile PrimaryIndexSize=184
[2024.05.08-14.49.48:340][  0]LogPakFile: PakFile PathHashIndexSize=101
[2024.05.08-14.49.48:340][  0]LogPakFile: PakFile FullDirectoryIndexSize=142
[2024.05.08-14.49.48:340][  0]LogShaderLibrary: Display: ShaderCodeLibraryPakFileMountedCallback: PakFile 'D:/Program Files/Epic Games/UE_4.27/FeaturePacks/TP_PuzzleBP.upack' (chunk index -1, root 'root:/') mounted
[2024.05.08-14.49.48:340][  0]LogShaderLibrary: Display: ShaderCodeLibraryPakFileMountedCallback: pending pak file info (ChunkID:-1 Root:root:/ File:D:/Program Files/Epic Games/UE_4.27/FeaturePacks/TP_PuzzleBP.upack)
[2024.05.08-14.49.48:340][  0]LogPakFile: OnPakFileMounted2Time == 0.000062
[2024.05.08-14.49.48:341][  0]LogPakFile: PakFile PrimaryIndexSize=183
[2024.05.08-14.49.48:341][  0]LogPakFile: PakFile PathHashIndexSize=101
[2024.05.08-14.49.48:341][  0]LogPakFile: PakFile FullDirectoryIndexSize=140
[2024.05.08-14.49.48:341][  0]LogShaderLibrary: Display: ShaderCodeLibraryPakFileMountedCallback: PakFile 'D:/Program Files/Epic Games/UE_4.27/FeaturePacks/TP_Rolling.upack' (chunk index -1, root 'root:/') mounted
[2024.05.08-14.49.48:341][  0]LogShaderLibrary: Display: ShaderCodeLibraryPakFileMountedCallback: pending pak file info (ChunkID:-1 Root:root:/ File:D:/Program Files/Epic Games/UE_4.27/FeaturePacks/TP_Rolling.upack)
[2024.05.08-14.49.48:341][  0]LogPakFile: OnPakFileMounted2Time == 0.000104
[2024.05.08-14.49.48:343][  0]LogPakFile: PakFile PrimaryIndexSize=185
[2024.05.08-14.49.48:343][  0]LogPakFile: PakFile PathHashIndexSize=101
[2024.05.08-14.49.48:343][  0]LogPakFile: PakFile FullDirectoryIndexSize=144
[2024.05.08-14.49.48:343][  0]LogShaderLibrary: Display: ShaderCodeLibraryPakFileMountedCallback: PakFile 'D:/Program Files/Epic Games/UE_4.27/FeaturePacks/TP_RollingBP.upack' (chunk index -1, root 'root:/') mounted
[2024.05.08-14.49.48:343][  0]LogShaderLibrary: Display: ShaderCodeLibraryPakFileMountedCallback: pending pak file info (ChunkID:-1 Root:root:/ File:D:/Program Files/Epic Games/UE_4.27/FeaturePacks/TP_RollingBP.upack)
[2024.05.08-14.49.48:343][  0]LogPakFile: OnPakFileMounted2Time == 0.000064
[2024.05.08-14.49.48:344][  0]LogPakFile: PakFile PrimaryIndexSize=188
[2024.05.08-14.49.48:344][  0]LogPakFile: PakFile PathHashIndexSize=101
[2024.05.08-14.49.48:344][  0]LogPakFile: PakFile FullDirectoryIndexSize=150
[2024.05.08-14.49.48:344][  0]LogShaderLibrary: Display: ShaderCodeLibraryPakFileMountedCallback: PakFile 'D:/Program Files/Epic Games/UE_4.27/FeaturePacks/TP_SideScroller.upack' (chunk index -1, root 'root:/') mounted
[2024.05.08-14.49.48:344][  0]LogShaderLibrary: Display: ShaderCodeLibraryPakFileMountedCallback: pending pak file info (ChunkID:-1 Root:root:/ File:D:/Program Files/Epic Games/UE_4.27/FeaturePacks/TP_SideScroller.upack)
[2024.05.08-14.49.48:344][  0]LogPakFile: OnPakFileMounted2Time == 0.000052
[2024.05.08-14.49.48:345][  0]LogPakFile: PakFile PrimaryIndexSize=190
[2024.05.08-14.49.48:345][  0]LogPakFile: PakFile PathHashIndexSize=101
[2024.05.08-14.49.48:345][  0]LogPakFile: PakFile FullDirectoryIndexSize=154
[2024.05.08-14.49.48:345][  0]LogShaderLibrary: Display: ShaderCodeLibraryPakFileMountedCallback: PakFile 'D:/Program Files/Epic Games/UE_4.27/FeaturePacks/TP_SideScrollerBP.upack' (chunk index -1, root 'root:/') mounted
[2024.05.08-14.49.48:345][  0]LogShaderLibrary: Display: ShaderCodeLibraryPakFileMountedCallback: pending pak file info (ChunkID:-1 Root:root:/ File:D:/Program Files/Epic Games/UE_4.27/FeaturePacks/TP_SideScrollerBP.upack)
[2024.05.08-14.49.48:345][  0]LogPakFile: OnPakFileMounted2Time == 0.000056
[2024.05.08-14.49.48:347][  0]LogPakFile: PakFile PrimaryIndexSize=187
[2024.05.08-14.49.48:347][  0]LogPakFile: PakFile PathHashIndexSize=101
[2024.05.08-14.49.48:347][  0]LogPakFile: PakFile FullDirectoryIndexSize=148
[2024.05.08-14.49.48:347][  0]LogShaderLibrary: Display: ShaderCodeLibraryPakFileMountedCallback: PakFile 'D:/Program Files/Epic Games/UE_4.27/FeaturePacks/TP_ThirdPerson.upack' (chunk index -1, root 'root:/') mounted
[2024.05.08-14.49.48:347][  0]LogShaderLibrary: Display: ShaderCodeLibraryPakFileMountedCallback: pending pak file info (ChunkID:-1 Root:root:/ File:D:/Program Files/Epic Games/UE_4.27/FeaturePacks/TP_ThirdPerson.upack)
[2024.05.08-14.49.48:347][  0]LogPakFile: OnPakFileMounted2Time == 0.000047
[2024.05.08-14.49.48:348][  0]LogPakFile: PakFile PrimaryIndexSize=189
[2024.05.08-14.49.48:348][  0]LogPakFile: PakFile PathHashIndexSize=101
[2024.05.08-14.49.48:348][  0]LogPakFile: PakFile FullDirectoryIndexSize=152
[2024.05.08-14.49.48:348][  0]LogShaderLibrary: Display: ShaderCodeLibraryPakFileMountedCallback: PakFile 'D:/Program Files/Epic Games/UE_4.27/FeaturePacks/TP_ThirdPersonBP.upack' (chunk index -1, root 'root:/') mounted
[2024.05.08-14.49.48:348][  0]LogShaderLibrary: Display: ShaderCodeLibraryPakFileMountedCallback: pending pak file info (ChunkID:-1 Root:root:/ File:D:/Program Files/Epic Games/UE_4.27/FeaturePacks/TP_ThirdPersonBP.upack)
[2024.05.08-14.49.48:349][  0]LogPakFile: OnPakFileMounted2Time == 0.000108
[2024.05.08-14.49.48:350][  0]LogPakFile: PakFile PrimaryIndexSize=183
[2024.05.08-14.49.48:350][  0]LogPakFile: PakFile PathHashIndexSize=101
[2024.05.08-14.49.48:350][  0]LogPakFile: PakFile FullDirectoryIndexSize=140
[2024.05.08-14.49.48:350][  0]LogShaderLibrary: Display: ShaderCodeLibraryPakFileMountedCallback: PakFile 'D:/Program Files/Epic Games/UE_4.27/FeaturePacks/TP_TopDown.upack' (chunk index -1, root 'root:/') mounted
[2024.05.08-14.49.48:350][  0]LogShaderLibrary: Display: ShaderCodeLibraryPakFileMountedCallback: pending pak file info (ChunkID:-1 Root:root:/ File:D:/Program Files/Epic Games/UE_4.27/FeaturePacks/TP_TopDown.upack)
[2024.05.08-14.49.48:350][  0]LogPakFile: OnPakFileMounted2Time == 0.000070
[2024.05.08-14.49.48:351][  0]LogPakFile: PakFile PrimaryIndexSize=185
[2024.05.08-14.49.48:351][  0]LogPakFile: PakFile PathHashIndexSize=101
[2024.05.08-14.49.48:351][  0]LogPakFile: PakFile FullDirectoryIndexSize=144
[2024.05.08-14.49.48:351][  0]LogShaderLibrary: Display: ShaderCodeLibraryPakFileMountedCallback: PakFile 'D:/Program Files/Epic Games/UE_4.27/FeaturePacks/TP_TopDownBP.upack' (chunk index -1, root 'root:/') mounted
[2024.05.08-14.49.48:352][  0]LogShaderLibrary: Display: ShaderCodeLibraryPakFileMountedCallback: pending pak file info (ChunkID:-1 Root:root:/ File:D:/Program Files/Epic Games/UE_4.27/FeaturePacks/TP_TopDownBP.upack)
[2024.05.08-14.49.48:352][  0]LogPakFile: OnPakFileMounted2Time == 0.000066
[2024.05.08-14.49.48:353][  0]LogPakFile: PakFile PrimaryIndexSize=185
[2024.05.08-14.49.48:353][  0]LogPakFile: PakFile PathHashIndexSize=101
[2024.05.08-14.49.48:353][  0]LogPakFile: PakFile FullDirectoryIndexSize=144
[2024.05.08-14.49.48:353][  0]LogShaderLibrary: Display: ShaderCodeLibraryPakFileMountedCallback: PakFile 'D:/Program Files/Epic Games/UE_4.27/FeaturePacks/TP_TwinStick.upack' (chunk index -1, root 'root:/') mounted
[2024.05.08-14.49.48:353][  0]LogShaderLibrary: Display: ShaderCodeLibraryPakFileMountedCallback: pending pak file info (ChunkID:-1 Root:root:/ File:D:/Program Files/Epic Games/UE_4.27/FeaturePacks/TP_TwinStick.upack)
[2024.05.08-14.49.48:353][  0]LogPakFile: OnPakFileMounted2Time == 0.000058
[2024.05.08-14.49.48:354][  0]LogPakFile: PakFile PrimaryIndexSize=187
[2024.05.08-14.49.48:354][  0]LogPakFile: PakFile PathHashIndexSize=101
[2024.05.08-14.49.48:354][  0]LogPakFile: PakFile FullDirectoryIndexSize=148
[2024.05.08-14.49.48:354][  0]LogShaderLibrary: Display: ShaderCodeLibraryPakFileMountedCallback: PakFile 'D:/Program Files/Epic Games/UE_4.27/FeaturePacks/TP_TwinStickBP.upack' (chunk index -1, root 'root:/') mounted
[2024.05.08-14.49.48:354][  0]LogShaderLibrary: Display: ShaderCodeLibraryPakFileMountedCallback: pending pak file info (ChunkID:-1 Root:root:/ File:D:/Program Files/Epic Games/UE_4.27/FeaturePacks/TP_TwinStickBP.upack)
[2024.05.08-14.49.48:354][  0]LogPakFile: OnPakFileMounted2Time == 0.000064
[2024.05.08-14.49.48:356][  0]LogPakFile: PakFile PrimaryIndexSize=183
[2024.05.08-14.49.48:356][  0]LogPakFile: PakFile PathHashIndexSize=101
[2024.05.08-14.49.48:356][  0]LogPakFile: PakFile FullDirectoryIndexSize=140
[2024.05.08-14.49.48:356][  0]LogShaderLibrary: Display: ShaderCodeLibraryPakFileMountedCallback: PakFile 'D:/Program Files/Epic Games/UE_4.27/FeaturePacks/TP_Vehicle.upack' (chunk index -1, root 'root:/') mounted
[2024.05.08-14.49.48:356][  0]LogShaderLibrary: Display: ShaderCodeLibraryPakFileMountedCallback: pending pak file info (ChunkID:-1 Root:root:/ File:D:/Program Files/Epic Games/UE_4.27/FeaturePacks/TP_Vehicle.upack)
[2024.05.08-14.49.48:356][  0]LogPakFile: OnPakFileMounted2Time == 0.000080
[2024.05.08-14.49.48:357][  0]LogPakFile: PakFile PrimaryIndexSize=186
[2024.05.08-14.49.48:357][  0]LogPakFile: PakFile PathHashIndexSize=101
[2024.05.08-14.49.48:357][  0]LogPakFile: PakFile FullDirectoryIndexSize=146
[2024.05.08-14.49.48:357][  0]LogShaderLibrary: Display: ShaderCodeLibraryPakFileMountedCallback: PakFile 'D:/Program Files/Epic Games/UE_4.27/FeaturePacks/TP_VehicleAdv.upack' (chunk index -1, root 'root:/') mounted
[2024.05.08-14.49.48:357][  0]LogShaderLibrary: Display: ShaderCodeLibraryPakFileMountedCallback: pending pak file info (ChunkID:-1 Root:root:/ File:D:/Program Files/Epic Games/UE_4.27/FeaturePacks/TP_VehicleAdv.upack)
[2024.05.08-14.49.48:357][  0]LogPakFile: OnPakFileMounted2Time == 0.000065
[2024.05.08-14.49.48:358][  0]LogPakFile: PakFile PrimaryIndexSize=188
[2024.05.08-14.49.48:359][  0]LogPakFile: PakFile PathHashIndexSize=101
[2024.05.08-14.49.48:359][  0]LogPakFile: PakFile FullDirectoryIndexSize=150
[2024.05.08-14.49.48:359][  0]LogShaderLibrary: Display: ShaderCodeLibraryPakFileMountedCallback: PakFile 'D:/Program Files/Epic Games/UE_4.27/FeaturePacks/TP_VehicleAdvBP.upack' (chunk index -1, root 'root:/') mounted
[2024.05.08-14.49.48:359][  0]LogShaderLibrary: Display: ShaderCodeLibraryPakFileMountedCallback: pending pak file info (ChunkID:-1 Root:root:/ File:D:/Program Files/Epic Games/UE_4.27/FeaturePacks/TP_VehicleAdvBP.upack)
[2024.05.08-14.49.48:359][  0]LogPakFile: OnPakFileMounted2Time == 0.000053
[2024.05.08-14.49.48:360][  0]LogPakFile: PakFile PrimaryIndexSize=185
[2024.05.08-14.49.48:360][  0]LogPakFile: PakFile PathHashIndexSize=101
[2024.05.08-14.49.48:360][  0]LogPakFile: PakFile FullDirectoryIndexSize=144
[2024.05.08-14.49.48:360][  0]LogShaderLibrary: Display: ShaderCodeLibraryPakFileMountedCallback: PakFile 'D:/Program Files/Epic Games/UE_4.27/FeaturePacks/TP_VehicleBP.upack' (chunk index -1, root 'root:/') mounted
[2024.05.08-14.49.48:360][  0]LogShaderLibrary: Display: ShaderCodeLibraryPakFileMountedCallback: pending pak file info (ChunkID:-1 Root:root:/ File:D:/Program Files/Epic Games/UE_4.27/FeaturePacks/TP_VehicleBP.upack)
[2024.05.08-14.49.48:360][  0]LogPakFile: OnPakFileMounted2Time == 0.000058
[2024.05.08-14.49.48:361][  0]LogPakFile: PakFile PrimaryIndexSize=192
[2024.05.08-14.49.48:361][  0]LogPakFile: PakFile PathHashIndexSize=101
[2024.05.08-14.49.48:361][  0]LogPakFile: PakFile FullDirectoryIndexSize=158
[2024.05.08-14.49.48:361][  0]LogShaderLibrary: Display: ShaderCodeLibraryPakFileMountedCallback: PakFile 'D:/Program Files/Epic Games/UE_4.27/FeaturePacks/TP_VirtualRealityBP.upack' (chunk index -1, root 'root:/') mounted
[2024.05.08-14.49.48:361][  0]LogShaderLibrary: Display: ShaderCodeLibraryPakFileMountedCallback: pending pak file info (ChunkID:-1 Root:root:/ File:D:/Program Files/Epic Games/UE_4.27/FeaturePacks/TP_VirtualRealityBP.upack)
[2024.05.08-14.49.48:361][  0]LogPakFile: OnPakFileMounted2Time == 0.000072
[2024.05.08-14.49.48:472][  0]LogNativeClassHierarchy: Verbose: Native class hierarchy updated for 'AddContentDialog' in 0.0005 seconds. Added 0 classes and 0 folders.
[2024.05.08-14.49.48:473][  0]LogNativeClassHierarchy: Verbose: Native class hierarchy updated for 'SceneOutliner' in 0.0004 seconds. Added 2 classes and 0 folders.
[2024.05.08-14.49.48:537][  0]LogSlate: Took 0.000452 seconds to synchronously load lazily loaded font '../../../Engine/Content/Slate/Fonts/Roboto-Regular.ttf' (155K)
[2024.05.08-14.49.48:539][  0]LogSlate: Took 0.000542 seconds to synchronously load lazily loaded font '../../../Engine/Content/Editor/Slate/Fonts/FontAwesome.ttf' (139K)
[2024.05.08-14.49.48:542][  0]LogSlate: Took 0.000998 seconds to synchronously load lazily loaded font '../../../Engine/Content/Slate/Fonts/Roboto-Bold.ttf' (160K)
[2024.05.08-14.49.48:684][  0]LogRenderer: Reallocating scene render targets to support 816x364 Format 10 NumSamples 1 (Frame:1).
[2024.05.08-14.49.49:307][  0]LogNativeClassHierarchy: Verbose: Native class hierarchy updated for 'HierarchicalLODOutliner' in 0.0004 seconds. Added 0 classes and 0 folders.
[2024.05.08-14.49.49:307][  0]LogLoad: (Engine Initialization) Total time: 16.41 seconds
[2024.05.08-14.49.49:307][  0]LogLoad: (Engine Initialization) Total Blueprint compile time: 0.00 seconds
[2024.05.08-14.49.49:527][  0]LogAssetRegistry: Asset discovery search completed in 10.3628 seconds
[2024.05.08-14.49.49:536][  0]LogCollectionManager: Fixed up redirectors for 0 collections in 0.000004 seconds (updated 0 objects)
[2024.05.08-14.49.49:538][  0]LogContentStreaming: Texture pool size now 1000 MB
[2024.05.08-14.50.23:263][865]LogSlate: Took 0.000309 seconds to synchronously load lazily loaded font '../../../Engine/Content/Slate/Fonts/Roboto-Light.ttf' (167K)
[2024.05.08-14.52.22:569][480]LogSlate: Took 0.000335 seconds to synchronously load lazily loaded font '../../../Engine/Content/Slate/Fonts/Roboto-Light.ttf' (167K)
[2024.05.08-14.52.22:642][480]LogEditorClassViewer: Warning: Class /Engine/Tutorial/InWorldBlueprintEditing/TutorialAssets/IWBE_Blutility.IWBE_Blutility_C has parent /Script/Blutility.PlacedEditorUtilityBase, but this parent is not found. The Class will not be shown in ClassViewer.
[2024.05.08-14.52.22:826][480]LogSlate: Took 0.000620 seconds to synchronously load lazily loaded font '../../../Engine/Content/Slate/Fonts/Roboto-BoldCondensed.ttf' (158K)
[2024.05.08-14.52.35:130][182]Running D:/Program Files/Epic Games/UE_4.27/Engine/Binaries/DotNET/UnrealBuildTool.exe  -projectfiles -project="D:/UnrealCUDAPlugin/UnrealCUDAPlugin.uproject" -game -rocket -progress
[2024.05.08-14.52.35:743][182]Discovering modules, targets and source code for project...
[2024.05.08-14.52.39:462][182]Binding IntelliSense data...
[2024.05.08-14.52.44:024][182]Binding IntelliSense data... 100%
[2024.05.08-14.52.44:024][182]Writing project files...
[2024.05.08-14.53.23:686][182]Writing project files... 67%
[2024.05.08-14.53.23:686][182]Writing project files... 100%
[2024.05.08-14.53.36:961][182]LogVSAccessor: Warning: Visual Studio is open but could not be queried - it may be blocked by a modal operation
[2024.05.08-14.53.36:962][182]LogVSAccessor: Warning: Couldn't access Visual Studio
[2024.05.08-14.53.40:140][182]Candidate modules for hot reload:
[2024.05.08-14.53.40:140][182]  UnrealCUDAPlugin
[2024.05.08-14.53.40:140][182]Launching UnrealBuildTool... [D:/Program Files/Epic Games/UE_4.27/Engine/Binaries/DotNET/UnrealBuildTool.exe  -ModuleWithSuffix=UnrealCUDAPlugin,1407 UnrealCUDAPluginEditor Win64 Development -Project="D:/UnrealCUDAPlugin/UnrealCUDAPlugin.uproject" "D:/UnrealCUDAPlugin/UnrealCUDAPlugin.uproject"  -IgnoreJunk]
